Using pre-set license
Built from '2022.3/staging' branch; Version is '2022.3.10f1 (ff3792e53c62) revision 16725906'; Using compiler version '192829333'; Build Type 'Release'
OS: 'Windows 10  (10.0.19045) 64bit EnterpriseN' Language: 'de' Physical Memory: 32399 MB
BatchMode: 1, IsHumanControllingUs: 0, StartBugReporterOnCrash: 0, Is64bit: 1, IsPro: 1

COMMAND LINE ARGUMENTS:
C:\Program Files\Unity\Hub\Editor\2022.3.10f1\Editor\Unity.exe
-adb2
-batchMode
-noUpm
-name
AssetImportWorker0
-projectPath
C:/Users/da7fr4/UnityProjects/Studienarbeit
-logFile
Logs/AssetImportWorker0.log
-srvPort
64024
Successfully changed project path to: C:/Users/da7fr4/UnityProjects/Studienarbeit
C:/Users/da7fr4/UnityProjects/Studienarbeit
[UnityMemory] Configuration Parameters - Can be set up in boot.config
    "memorysetup-bucket-allocator-granularity=16"
    "memorysetup-bucket-allocator-bucket-count=8"
    "memorysetup-bucket-allocator-block-size=33554432"
    "memorysetup-bucket-allocator-block-count=8"
    "memorysetup-main-allocator-block-size=16777216"
    "memorysetup-thread-allocator-block-size=16777216"
    "memorysetup-gfx-main-allocator-block-size=16777216"
    "memorysetup-gfx-thread-allocator-block-size=16777216"
    "memorysetup-cache-allocator-block-size=4194304"
    "memorysetup-typetree-allocator-block-size=2097152"
    "memorysetup-profiler-bucket-allocator-granularity=16"
    "memorysetup-profiler-bucket-allocator-bucket-count=8"
    "memorysetup-profiler-bucket-allocator-block-size=33554432"
    "memorysetup-profiler-bucket-allocator-block-count=8"
    "memorysetup-profiler-allocator-block-size=16777216"
    "memorysetup-profiler-editor-allocator-block-size=1048576"
    "memorysetup-temp-allocator-size-main=16777216"
    "memorysetup-job-temp-allocator-block-size=2097152"
    "memorysetup-job-temp-allocator-block-size-background=1048576"
    "memorysetup-job-temp-allocator-reduction-small-platforms=262144"
    "memorysetup-allocator-temp-initial-block-size-main=262144"
    "memorysetup-allocator-temp-initial-block-size-worker=262144"
    "memorysetup-temp-allocator-size-background-worker=32768"
    "memorysetup-temp-allocator-size-job-worker=262144"
    "memorysetup-temp-allocator-size-preload-manager=33554432"
    "memorysetup-temp-allocator-size-nav-mesh-worker=65536"
    "memorysetup-temp-allocator-size-audio-worker=65536"
    "memorysetup-temp-allocator-size-cloud-worker=32768"
    "memorysetup-temp-allocator-size-gi-baking-worker=262144"
    "memorysetup-temp-allocator-size-gfx=262144"
Player connection [11020] Host "[IP] 10.204.0.74 [Port] 0 [Flags] 2 [Guid] 3271591918 [EditorId] 3271591918 [Version] 1048832 [Id] WindowsEditor(7,nb-1315) [Debug] 1 [PackageName] WindowsEditor [ProjectName] Editor" joined multi-casting on [225.0.0.222:54997]...

Player connection [11020] Host "[IP] 10.204.0.74 [Port] 0 [Flags] 2 [Guid] 3271591918 [EditorId] 3271591918 [Version] 1048832 [Id] WindowsEditor(7,nb-1315) [Debug] 1 [PackageName] WindowsEditor [ProjectName] Editor" joined alternative multi-casting on [225.0.0.222:34997]...

[Physics::Module] Initialized MultithreadedJobDispatcher with 11 workers.
Refreshing native plugins compatible for Editor in 20.73 ms, found 4 plugins.
Preloading 0 native plugins for Editor in 0.00 ms.
Initialize engine version: 2022.3.10f1 (ff3792e53c62)
[Subsystems] Discovering subsystems at path C:/Program Files/Unity/Hub/Editor/2022.3.10f1/Editor/Data/Resources/UnitySubsystems
[Subsystems] Discovering subsystems at path C:/Users/da7fr4/UnityProjects/Studienarbeit/Assets
GfxDevice: creating device client; threaded=0; jobified=0
Direct3D:
    Version:  Direct3D 11.0 [level 11.1]
    Renderer: Intel(R) Iris(R) Xe Graphics (ID=0x46a8)
    Vendor:   Intel
    VRAM:     16199 MB
    Driver:   31.0.101.4953
Initialize mono
Mono path[0] = 'C:/Program Files/Unity/Hub/Editor/2022.3.10f1/Editor/Data/Managed'
Mono path[1] = 'C:/Program Files/Unity/Hub/Editor/2022.3.10f1/Editor/Data/MonoBleedingEdge/lib/mono/unityjit-win32'
Mono config path = 'C:/Program Files/Unity/Hub/Editor/2022.3.10f1/Editor/Data/MonoBleedingEdge/etc'
Using monoOptions --debugger-agent=transport=dt_socket,embedding=1,server=y,suspend=n,address=127.0.0.1:56556
Begin MonoManager ReloadAssembly
Registering precompiled unity dll's ...
Register platform support module: C:/Program Files/Unity/Hub/Editor/2022.3.10f1/Editor/Data/PlaybackEngines/WebGLSupport/UnityEditor.WebGL.Extensions.dll
Register platform support module: C:/Program Files/Unity/Hub/Editor/2022.3.10f1/Editor/Data/PlaybackEngines/WindowsStandaloneSupport/UnityEditor.WindowsStandalone.Extensions.dll
Registered in 0.026056 seconds.
- Loaded All Assemblies, in  0.674 seconds
Native extension for WindowsStandalone target not found
Native extension for WebGL target not found
Mono: successfully reloaded assembly
- Finished resetting the current domain, in  0.451 seconds
Domain Reload Profiling: 1119ms
	BeginReloadAssembly (224ms)
		ExecutionOrderSort (0ms)
		DisableScriptedObjects (0ms)
		BackupInstance (0ms)
		ReleaseScriptingObjects (0ms)
		CreateAndSetChildDomain (1ms)
	RebuildCommonClasses (76ms)
	RebuildNativeTypeToScriptingClass (16ms)
	initialDomainReloadingComplete (139ms)
	LoadAllAssembliesAndSetupDomain (212ms)
		LoadAssemblies (220ms)
		RebuildTransferFunctionScriptingTraits (0ms)
		AnalyzeDomain (207ms)
			TypeCache.Refresh (205ms)
				TypeCache.ScanAssembly (188ms)
			ScanForSourceGeneratedMonoScriptInfo (1ms)
			ResolveRequiredComponents (1ms)
	FinalizeReload (452ms)
		ReleaseScriptCaches (0ms)
		RebuildScriptCaches (0ms)
		SetupLoadedEditorAssemblies (358ms)
			LogAssemblyErrors (0ms)
			InitializePlatformSupportModulesInManaged (23ms)
			SetLoadedEditorAssemblies (11ms)
			RefreshPlugins (0ms)
			BeforeProcessingInitializeOnLoad (4ms)
			ProcessInitializeOnLoadAttributes (230ms)
			ProcessInitializeOnLoadMethodAttributes (89ms)
			AfterProcessingInitializeOnLoad (0ms)
			EditorAssembliesLoaded (0ms)
		ExecutionOrderSort2 (0ms)
		AwakeInstancesAfterBackupRestoration (0ms)
========================================================================
Worker process is ready to serve import requests
Begin MonoManager ReloadAssembly
- Loaded All Assemblies, in  1.060 seconds
Refreshing native plugins compatible for Editor in 8.74 ms, found 4 plugins.
Native extension for WindowsStandalone target not found
Native extension for WebGL target not found
Package Manager log level set to [2]
[Package Manager] Server::EnsureServerProcessIsRunning -- launch failed, reason: Unity was launched with the -noUpm command-line argument
[Package Manager] UpmClient::Send -- Unable to send message (not connected to UPM process).
[Package Manager] Cannot connect to Unity Package Manager local server
Mono: successfully reloaded assembly
- Finished resetting the current domain, in  0.933 seconds
Domain Reload Profiling: 1981ms
	BeginReloadAssembly (279ms)
		ExecutionOrderSort (0ms)
		DisableScriptedObjects (11ms)
		BackupInstance (0ms)
		ReleaseScriptingObjects (0ms)
		CreateAndSetChildDomain (30ms)
	RebuildCommonClasses (39ms)
	RebuildNativeTypeToScriptingClass (12ms)
	initialDomainReloadingComplete (82ms)
	LoadAllAssembliesAndSetupDomain (636ms)
		LoadAssemblies (565ms)
		RebuildTransferFunctionScriptingTraits (0ms)
		AnalyzeDomain (239ms)
			TypeCache.Refresh (196ms)
				TypeCache.ScanAssembly (171ms)
			ScanForSourceGeneratedMonoScriptInfo (36ms)
			ResolveRequiredComponents (6ms)
	FinalizeReload (933ms)
		ReleaseScriptCaches (0ms)
		RebuildScriptCaches (0ms)
		SetupLoadedEditorAssemblies (707ms)
			LogAssemblyErrors (0ms)
			InitializePlatformSupportModulesInManaged (16ms)
			SetLoadedEditorAssemblies (5ms)
			RefreshPlugins (0ms)
			BeforeProcessingInitializeOnLoad (134ms)
			ProcessInitializeOnLoadAttributes (476ms)
			ProcessInitializeOnLoadMethodAttributes (61ms)
			AfterProcessingInitializeOnLoad (16ms)
			EditorAssembliesLoaded (0ms)
		ExecutionOrderSort2 (0ms)
		AwakeInstancesAfterBackupRestoration (14ms)
Launched and connected shader compiler UnityShaderCompiler.exe after 0.07 seconds
Refreshing native plugins compatible for Editor in 12.68 ms, found 4 plugins.
Preloading 0 native plugins for Editor in 0.00 ms.
Unloading 4019 Unused Serialized files (Serialized files now loaded: 0)
Unloading 69 unused Assets / (244.7 KB). Loaded Objects now: 4476.
Memory consumption went from 140.8 MB to 140.5 MB.
Total: 4.965900 ms (FindLiveObjects: 0.350800 ms CreateObjectMapping: 0.154500 ms MarkObjects: 4.066200 ms  DeleteObjects: 0.392300 ms)

AssetImportParameters requested are different than current active one (requested -> active):
  custom:container-demuxer-ogg: 62fdf1f143b41e24485cea50d1cbac27 -> 
  custom:video-decoder-ogg-theora: a1e56fd34408186e4bbccfd4996cb3dc -> 
  custom:framework-win-MediaFoundation: 216162199b28c13a410421893ffa2e32 -> 
  custom:CustomObjectIndexerAttribute: 756ad292c208cfabdd7b50bc23989ffe -> 
  custom:container-demuxer-webm: 4f35f7cbe854078d1ac9338744f61a02 -> 
  custom:container-muxer-webm: aa71ff27fc2769a1b78a27578f13a17b -> 
  custom:video-decoder-webm-vp8: 9c59270c3fd7afecdb556c50c9e8de78 -> 
  custom:SearchIndexIgnoredProperties: e643bd26f0fe6173181afceb89e7c659 -> 
  custom:AudioImporter_EditorPlatform: d09bf68614088b80899f8185d706f6e7 -> 
  custom:video-encoder-webm-vp8: eb34c28f22e8b96e1ab97ce403110664 -> 
  custom:audio-decoder-ogg-vorbis: bf7c407c2cedff20999df2af8eb42d56 -> 
  custom:audio-encoder-webm-vorbis: bf7c407c2cedff20999df2af8eb42d56 -> 
========================================================================
Received Import Request.
  Time since last request: 16677.473225 seconds.
  path: Assets/Buttons/Puzzle stage & settings GUI Pack/Image_pink/coin.png
  artifactKey: Guid(0c05fe7b21ad57e4389433edf7931bb3) Importer(815301076,1909f56bfc062723c751e8b465ee728b)
Start importing Assets/Buttons/Puzzle stage & settings GUI Pack/Image_pink/coin.png using Guid(0c05fe7b21ad57e4389433edf7931bb3) Importer(815301076,1909f56bfc062723c751e8b465ee728b)  -> (artifact id: 'e4f014db010d8ea731fd0503f930c065') in 0.170415 seconds
Number of updated asset objects reloaded before import = 0
Number of asset objects unloaded after import = 3
========================================================================
Received Import Request.
  Time since last request: 0.000048 seconds.
  path: Assets/Buttons/Puzzle stage & settings GUI Pack/Image_pink/txt/7.png
  artifactKey: Guid(7b627e12b55df1d4bb022473a53ec1a0) Importer(815301076,1909f56bfc062723c751e8b465ee728b)
Start importing Assets/Buttons/Puzzle stage & settings GUI Pack/Image_pink/txt/7.png using Guid(7b627e12b55df1d4bb022473a53ec1a0) Importer(815301076,1909f56bfc062723c751e8b465ee728b)  -> (artifact id: 'f81d1183a98c3fa2fa4607237c84419b') in 0.037868 seconds
Number of updated asset objects reloaded before import = 0
Number of asset objects unloaded after import = 3
========================================================================
Received Import Request.
  Time since last request: 0.000018 seconds.
  path: Assets/Buttons/Puzzle stage & settings GUI Pack/Image_pink/on.png
  artifactKey: Guid(48e03af7987219448a4764f26becddbd) Importer(815301076,1909f56bfc062723c751e8b465ee728b)
Start importing Assets/Buttons/Puzzle stage & settings GUI Pack/Image_pink/on.png using Guid(48e03af7987219448a4764f26becddbd) Importer(815301076,1909f56bfc062723c751e8b465ee728b)  -> (artifact id: 'c66ef1b4f9cfb9ec7e8647cc792b0155') in 0.062405 seconds
Number of updated asset objects reloaded before import = 0
Number of asset objects unloaded after import = 3
========================================================================
Received Import Request.
  Time since last request: 0.000019 seconds.
  path: Assets/Buttons/Puzzle stage & settings GUI Pack/Image_pink/candy bar.png
  artifactKey: Guid(ccf15d81a2920354aa2f8854783a95d6) Importer(815301076,1909f56bfc062723c751e8b465ee728b)
Start importing Assets/Buttons/Puzzle stage & settings GUI Pack/Image_pink/candy bar.png using Guid(ccf15d81a2920354aa2f8854783a95d6) Importer(815301076,1909f56bfc062723c751e8b465ee728b)  -> (artifact id: '8738d7791e12a708d0468d33a43d02e8') in 0.047376 seconds
Number of updated asset objects reloaded before import = 0
Number of asset objects unloaded after import = 3
========================================================================
Received Import Request.
  Time since last request: 0.000038 seconds.
  path: Assets/Buttons/Puzzle stage & settings GUI Pack/Image_pink/goods jelly.png
  artifactKey: Guid(572ba9107d10daa4595876bd0514c1f6) Importer(815301076,1909f56bfc062723c751e8b465ee728b)
Start importing Assets/Buttons/Puzzle stage & settings GUI Pack/Image_pink/goods jelly.png using Guid(572ba9107d10daa4595876bd0514c1f6) Importer(815301076,1909f56bfc062723c751e8b465ee728b)  -> (artifact id: 'f550bee11c7b371d2331d1fbe79baf3f') in 0.054556 seconds
Number of updated asset objects reloaded before import = 0
Number of asset objects unloaded after import = 3
========================================================================
Received Import Request.
  Time since last request: 0.000024 seconds.
  path: Assets/Buttons/Puzzle stage & settings GUI Pack/Image_pink/stage.png
  artifactKey: Guid(e64be39d74fdaa14c95dc086f2ef1f74) Importer(815301076,1909f56bfc062723c751e8b465ee728b)
Start importing Assets/Buttons/Puzzle stage & settings GUI Pack/Image_pink/stage.png using Guid(e64be39d74fdaa14c95dc086f2ef1f74) Importer(815301076,1909f56bfc062723c751e8b465ee728b)  -> (artifact id: '5a4983dc3f80aca7b31961ed3754ad2d') in 0.060386 seconds
Number of updated asset objects reloaded before import = 0
Number of asset objects unloaded after import = 3
========================================================================
Received Import Request.
  Time since last request: 0.000031 seconds.
  path: Assets/Buttons/Puzzle stage & settings GUI Pack/Image_pink/star.png
  artifactKey: Guid(c6c53084146c703479d667f9e1d3950e) Importer(815301076,1909f56bfc062723c751e8b465ee728b)
Start importing Assets/Buttons/Puzzle stage & settings GUI Pack/Image_pink/star.png using Guid(c6c53084146c703479d667f9e1d3950e) Importer(815301076,1909f56bfc062723c751e8b465ee728b)  -> (artifact id: '7e587ea3b4f20d3a4080ba8920c3de31') in 0.037125 seconds
Number of updated asset objects reloaded before import = 0
Number of asset objects unloaded after import = 3
========================================================================
Received Import Request.
  Time since last request: 0.000021 seconds.
  path: Assets/Buttons/Puzzle stage & settings GUI Pack/Image_pink/txt/5.png
  artifactKey: Guid(1dc86e21e16666b49a9669dac662cdd5) Importer(815301076,1909f56bfc062723c751e8b465ee728b)
Start importing Assets/Buttons/Puzzle stage & settings GUI Pack/Image_pink/txt/5.png using Guid(1dc86e21e16666b49a9669dac662cdd5) Importer(815301076,1909f56bfc062723c751e8b465ee728b)  -> (artifact id: '9bdc64d083df041ed700260283a81bf8') in 0.044913 seconds
Number of updated asset objects reloaded before import = 0
Number of asset objects unloaded after import = 3
========================================================================
Received Import Request.
  Time since last request: 0.000021 seconds.
  path: Assets/Buttons/Puzzle stage & settings GUI Pack/Image_pink/txt/8.png
  artifactKey: Guid(08ade4eb6cd7e7949b62e1ddc355dc39) Importer(815301076,1909f56bfc062723c751e8b465ee728b)
Start importing Assets/Buttons/Puzzle stage & settings GUI Pack/Image_pink/txt/8.png using Guid(08ade4eb6cd7e7949b62e1ddc355dc39) Importer(815301076,1909f56bfc062723c751e8b465ee728b)  -> (artifact id: 'e7ef04cca29804f746eaa981a46a2ced') in 0.036087 seconds
Number of updated asset objects reloaded before import = 0
Number of asset objects unloaded after import = 3
========================================================================
Received Import Request.
  Time since last request: 0.000021 seconds.
  path: Assets/Buttons/Puzzle stage & settings GUI Pack/Image_pink/txt/speed.png
  artifactKey: Guid(98f3653e755b9524fa87c923535a17ae) Importer(815301076,1909f56bfc062723c751e8b465ee728b)
Start importing Assets/Buttons/Puzzle stage & settings GUI Pack/Image_pink/txt/speed.png using Guid(98f3653e755b9524fa87c923535a17ae) Importer(815301076,1909f56bfc062723c751e8b465ee728b)  -> (artifact id: '44f974f96badee38689a18fe6aa2e183') in 0.043223 seconds
Number of updated asset objects reloaded before import = 0
Number of asset objects unloaded after import = 3
========================================================================
Received Import Request.
  Time since last request: 6.729098 seconds.
  path: Assets/Buttons/Puzzle stage & settings GUI Pack/Image_pink/s_b/friend.png
  artifactKey: Guid(715954c89e8ab0a43a4a137de8f0dd6a) Importer(815301076,1909f56bfc062723c751e8b465ee728b)
Start importing Assets/Buttons/Puzzle stage & settings GUI Pack/Image_pink/s_b/friend.png using Guid(715954c89e8ab0a43a4a137de8f0dd6a) Importer(815301076,1909f56bfc062723c751e8b465ee728b)  -> (artifact id: 'c8b09c6522c781557e54780b2ff83d39') in 0.035759 seconds
Number of updated asset objects reloaded before import = 0
Number of asset objects unloaded after import = 3
========================================================================
Received Import Request.
  Time since last request: 0.000033 seconds.
  path: Assets/Buttons/Puzzle stage & settings GUI Pack/Image_pink/s_b/menu.png
  artifactKey: Guid(329bc0acbba5bcc4e951e6974bb2e79c) Importer(815301076,1909f56bfc062723c751e8b465ee728b)
Start importing Assets/Buttons/Puzzle stage & settings GUI Pack/Image_pink/s_b/menu.png using Guid(329bc0acbba5bcc4e951e6974bb2e79c) Importer(815301076,1909f56bfc062723c751e8b465ee728b)  -> (artifact id: '6aac92d84fb24b40b7f1e5854654c39d') in 0.045603 seconds
Number of updated asset objects reloaded before import = 0
Number of asset objects unloaded after import = 3
========================================================================
Received Import Request.
  Time since last request: 0.000039 seconds.
  path: Assets/Buttons/Puzzle stage & settings GUI Pack/Image_pink/s_b/ranking.png
  artifactKey: Guid(3e442fcdb475c1d498592f59ca94fd1d) Importer(815301076,1909f56bfc062723c751e8b465ee728b)
Start importing Assets/Buttons/Puzzle stage & settings GUI Pack/Image_pink/s_b/ranking.png using Guid(3e442fcdb475c1d498592f59ca94fd1d) Importer(815301076,1909f56bfc062723c751e8b465ee728b)  -> (artifact id: 'b9fc2b3d7dd9e5d6a2b605bcc1bb411a') in 0.039564 seconds
Number of updated asset objects reloaded before import = 0
Number of asset objects unloaded after import = 3
========================================================================
Received Import Request.
  Time since last request: 0.000035 seconds.
  path: Assets/Buttons/Puzzle stage & settings GUI Pack/Image_pink/s_b/shop.png
  artifactKey: Guid(c5b305b749b71b84da15e9ac805471fd) Importer(815301076,1909f56bfc062723c751e8b465ee728b)
Start importing Assets/Buttons/Puzzle stage & settings GUI Pack/Image_pink/s_b/shop.png using Guid(c5b305b749b71b84da15e9ac805471fd) Importer(815301076,1909f56bfc062723c751e8b465ee728b)  -> (artifact id: 'df3db8fc9b2437dac7477e37dc6e9dcf') in 0.047476 seconds
Number of updated asset objects reloaded before import = 0
Number of asset objects unloaded after import = 3
========================================================================
Received Import Request.
  Time since last request: 0.000021 seconds.
  path: Assets/Buttons/Puzzle stage & settings GUI Pack/Image_pink/s_b/return.png
  artifactKey: Guid(36aa59900926f884fbf56d69a28a9903) Importer(815301076,1909f56bfc062723c751e8b465ee728b)
Start importing Assets/Buttons/Puzzle stage & settings GUI Pack/Image_pink/s_b/return.png using Guid(36aa59900926f884fbf56d69a28a9903) Importer(815301076,1909f56bfc062723c751e8b465ee728b)  -> (artifact id: 'bacce5ba6d9cd05b0437e95f00bb314d') in 0.048279 seconds
Number of updated asset objects reloaded before import = 0
Number of asset objects unloaded after import = 3
========================================================================
Received Import Request.
  Time since last request: 4.923685 seconds.
  path: Assets/Buttons/Puzzle stage & settings GUI Pack/Image_pink/b/help.png
  artifactKey: Guid(a2a183ff089c43a498e88402671a975f) Importer(815301076,1909f56bfc062723c751e8b465ee728b)
Start importing Assets/Buttons/Puzzle stage & settings GUI Pack/Image_pink/b/help.png using Guid(a2a183ff089c43a498e88402671a975f) Importer(815301076,1909f56bfc062723c751e8b465ee728b)  -> (artifact id: '85c00399c1c33ccf2ee4836435522a5e') in 0.039826 seconds
Number of updated asset objects reloaded before import = 0
Number of asset objects unloaded after import = 3
========================================================================
Received Import Request.
  Time since last request: 0.000021 seconds.
  path: Assets/Buttons/Puzzle stage & settings GUI Pack/Image_pink/b/resume.png
  artifactKey: Guid(da920ca6e4fc3bd4fbc1cc7be14e7e91) Importer(815301076,1909f56bfc062723c751e8b465ee728b)
Start importing Assets/Buttons/Puzzle stage & settings GUI Pack/Image_pink/b/resume.png using Guid(da920ca6e4fc3bd4fbc1cc7be14e7e91) Importer(815301076,1909f56bfc062723c751e8b465ee728b)  -> (artifact id: '9b5a9e390257341286d779ab24cc78cb') in 0.055187 seconds
Number of updated asset objects reloaded before import = 0
Number of asset objects unloaded after import = 3
========================================================================
Received Import Request.
  Time since last request: 0.000031 seconds.
  path: Assets/Buttons/Puzzle stage & settings GUI Pack/Image_pink/b/start.png
  artifactKey: Guid(250732d84ab21dd409a9d50536d26d7e) Importer(815301076,1909f56bfc062723c751e8b465ee728b)
Start importing Assets/Buttons/Puzzle stage & settings GUI Pack/Image_pink/b/start.png using Guid(250732d84ab21dd409a9d50536d26d7e) Importer(815301076,1909f56bfc062723c751e8b465ee728b)  -> (artifact id: '8e0105e290388f0e8c303b1bda041aad') in 0.054369 seconds
Number of updated asset objects reloaded before import = 0
Number of asset objects unloaded after import = 3
========================================================================
Received Import Request.
  Time since last request: 17.684630 seconds.
  path: Assets/Buttons/Puzzle stage & settings GUI Pack/Image_red/bar box.png
  artifactKey: Guid(9a8035426c3220a4cbae8c7830c7632b) Importer(815301076,1909f56bfc062723c751e8b465ee728b)
Start importing Assets/Buttons/Puzzle stage & settings GUI Pack/Image_red/bar box.png using Guid(9a8035426c3220a4cbae8c7830c7632b) Importer(815301076,1909f56bfc062723c751e8b465ee728b)  -> (artifact id: '8c01bf0c91d94d0f31939a013cb79379') in 0.028798 seconds
Number of updated asset objects reloaded before import = 0
Number of asset objects unloaded after import = 3
========================================================================
Received Import Request.
  Time since last request: 0.000020 seconds.
  path: Assets/Buttons/Puzzle stage & settings GUI Pack/Image_red/coin.png
  artifactKey: Guid(734f024cfed311941aa9fe6af58e3db9) Importer(815301076,1909f56bfc062723c751e8b465ee728b)
Start importing Assets/Buttons/Puzzle stage & settings GUI Pack/Image_red/coin.png using Guid(734f024cfed311941aa9fe6af58e3db9) Importer(815301076,1909f56bfc062723c751e8b465ee728b)  -> (artifact id: '21b7b5b90a8f7f98e396c156617ee0bf') in 0.033992 seconds
Number of updated asset objects reloaded before import = 0
Number of asset objects unloaded after import = 3
========================================================================
Received Import Request.
  Time since last request: 0.000033 seconds.
  path: Assets/Buttons/Puzzle stage & settings GUI Pack/Image_red/jelly.png
  artifactKey: Guid(a09b81883fd657243ae113396d6d132a) Importer(815301076,1909f56bfc062723c751e8b465ee728b)
Start importing Assets/Buttons/Puzzle stage & settings GUI Pack/Image_red/jelly.png using Guid(a09b81883fd657243ae113396d6d132a) Importer(815301076,1909f56bfc062723c751e8b465ee728b)  -> (artifact id: '7677296250e62583098191ddb2f8b399') in 0.063431 seconds
Number of updated asset objects reloaded before import = 0
Number of asset objects unloaded after import = 3
========================================================================
Received Import Request.
  Time since last request: 0.000024 seconds.
  path: Assets/Buttons/Puzzle stage & settings GUI Pack/Image_red/star.png
  artifactKey: Guid(e0b7051440177ab40a45e8abd1e858c8) Importer(815301076,1909f56bfc062723c751e8b465ee728b)
Start importing Assets/Buttons/Puzzle stage & settings GUI Pack/Image_red/star.png using Guid(e0b7051440177ab40a45e8abd1e858c8) Importer(815301076,1909f56bfc062723c751e8b465ee728b)  -> (artifact id: '9c0450d8d97f120ab43a65b5bfa68df3') in 0.052032 seconds
Number of updated asset objects reloaded before import = 0
Number of asset objects unloaded after import = 3
========================================================================
Received Import Request.
  Time since last request: 0.000059 seconds.
  path: Assets/Buttons/Puzzle stage & settings GUI Pack/Image_red/x.png
  artifactKey: Guid(4b4ba38a1451a1b44ba085c662537901) Importer(815301076,1909f56bfc062723c751e8b465ee728b)
Start importing Assets/Buttons/Puzzle stage & settings GUI Pack/Image_red/x.png using Guid(4b4ba38a1451a1b44ba085c662537901) Importer(815301076,1909f56bfc062723c751e8b465ee728b)  -> (artifact id: '22cd41b5cbaaeecdee6f9b0f23f4b346') in 0.043817 seconds
Number of updated asset objects reloaded before import = 0
Number of asset objects unloaded after import = 3
Editor requested this worker to shutdown with reason: Scaling down because of idle timeout
TcpMessagingSession - receive error: operation aborted. errorcode: 995, details: Der E/A-Vorgang wurde wegen eines Threadendes oder einer Anwendungsanforderung abgebrochen.
AssetImportWorker is now disconnected from the server
Process exiting
Exiting without the bug reporter. Application will terminate with return code 0