Using pre-set license
Built from '2022.3/staging' branch; Version is '2022.3.10f1 (ff3792e53c62) revision 16725906'; Using compiler version '192829333'; Build Type 'Release'
OS: 'Windows 10  (10.0.19045) 64bit EnterpriseN' Language: 'de' Physical Memory: 32399 MB
BatchMode: 1, IsHumanControllingUs: 0, StartBugReporterOnCrash: 0, Is64bit: 1, IsPro: 1

COMMAND LINE ARGUMENTS:
C:\Program Files\Unity\Hub\Editor\2022.3.10f1\Editor\Unity.exe
-adb2
-batchMode
-noUpm
-name
AssetImportWorker3
-projectPath
C:/Users/da7fr4/UnityProjects/Studienarbeit
-logFile
Logs/AssetImportWorker3.log
-srvPort
59040
Successfully changed project path to: C:/Users/da7fr4/UnityProjects/Studienarbeit
C:/Users/da7fr4/UnityProjects/Studienarbeit
[UnityMemory] Configuration Parameters - Can be set up in boot.config
    "memorysetup-bucket-allocator-granularity=16"
    "memorysetup-bucket-allocator-bucket-count=8"
    "memorysetup-bucket-allocator-block-size=33554432"
    "memorysetup-bucket-allocator-block-count=8"
    "memorysetup-main-allocator-block-size=16777216"
    "memorysetup-thread-allocator-block-size=16777216"
    "memorysetup-gfx-main-allocator-block-size=16777216"
    "memorysetup-gfx-thread-allocator-block-size=16777216"
    "memorysetup-cache-allocator-block-size=4194304"
    "memorysetup-typetree-allocator-block-size=2097152"
    "memorysetup-profiler-bucket-allocator-granularity=16"
    "memorysetup-profiler-bucket-allocator-bucket-count=8"
    "memorysetup-profiler-bucket-allocator-block-size=33554432"
    "memorysetup-profiler-bucket-allocator-block-count=8"
    "memorysetup-profiler-allocator-block-size=16777216"
    "memorysetup-profiler-editor-allocator-block-size=1048576"
    "memorysetup-temp-allocator-size-main=16777216"
    "memorysetup-job-temp-allocator-block-size=2097152"
    "memorysetup-job-temp-allocator-block-size-background=1048576"
    "memorysetup-job-temp-allocator-reduction-small-platforms=262144"
    "memorysetup-allocator-temp-initial-block-size-main=262144"
    "memorysetup-allocator-temp-initial-block-size-worker=262144"
    "memorysetup-temp-allocator-size-background-worker=32768"
    "memorysetup-temp-allocator-size-job-worker=262144"
    "memorysetup-temp-allocator-size-preload-manager=33554432"
    "memorysetup-temp-allocator-size-nav-mesh-worker=65536"
    "memorysetup-temp-allocator-size-audio-worker=65536"
    "memorysetup-temp-allocator-size-cloud-worker=32768"
    "memorysetup-temp-allocator-size-gi-baking-worker=262144"
    "memorysetup-temp-allocator-size-gfx=262144"
Player connection [16692] Host "[IP] 141.31.86.75 [Port] 0 [Flags] 2 [Guid] 2874423459 [EditorId] 2874423459 [Version] 1048832 [Id] WindowsEditor(7,nb-1315) [Debug] 1 [PackageName] WindowsEditor [ProjectName] Editor" joined multi-casting on [225.0.0.222:54997]...

Player connection [16692] Host "[IP] 141.31.86.75 [Port] 0 [Flags] 2 [Guid] 2874423459 [EditorId] 2874423459 [Version] 1048832 [Id] WindowsEditor(7,nb-1315) [Debug] 1 [PackageName] WindowsEditor [ProjectName] Editor" joined alternative multi-casting on [225.0.0.222:34997]...

[Physics::Module] Initialized MultithreadedJobDispatcher with 11 workers.
Refreshing native plugins compatible for Editor in 23.59 ms, found 4 plugins.
Preloading 0 native plugins for Editor in 0.00 ms.
Initialize engine version: 2022.3.10f1 (ff3792e53c62)
[Subsystems] Discovering subsystems at path C:/Program Files/Unity/Hub/Editor/2022.3.10f1/Editor/Data/Resources/UnitySubsystems
[Subsystems] Discovering subsystems at path C:/Users/da7fr4/UnityProjects/Studienarbeit/Assets
GfxDevice: creating device client; threaded=0; jobified=0
Direct3D:
    Version:  Direct3D 11.0 [level 11.1]
    Renderer: Intel(R) Iris(R) Xe Graphics (ID=0x46a8)
    Vendor:   Intel
    VRAM:     16199 MB
    Driver:   31.0.101.4255
Initialize mono
Mono path[0] = 'C:/Program Files/Unity/Hub/Editor/2022.3.10f1/Editor/Data/Managed'
Mono path[1] = 'C:/Program Files/Unity/Hub/Editor/2022.3.10f1/Editor/Data/MonoBleedingEdge/lib/mono/unityjit-win32'
Mono config path = 'C:/Program Files/Unity/Hub/Editor/2022.3.10f1/Editor/Data/MonoBleedingEdge/etc'
Using monoOptions --debugger-agent=transport=dt_socket,embedding=1,server=y,suspend=n,address=127.0.0.1:56968
Begin MonoManager ReloadAssembly
Registering precompiled unity dll's ...
Register platform support module: C:/Program Files/Unity/Hub/Editor/2022.3.10f1/Editor/Data/PlaybackEngines/WebGLSupport/UnityEditor.WebGL.Extensions.dll
Register platform support module: C:/Program Files/Unity/Hub/Editor/2022.3.10f1/Editor/Data/PlaybackEngines/WindowsStandaloneSupport/UnityEditor.WindowsStandalone.Extensions.dll
Registered in 0.015045 seconds.
- Loaded All Assemblies, in  0.411 seconds
Native extension for WindowsStandalone target not found
Native extension for WebGL target not found
Mono: successfully reloaded assembly
- Finished resetting the current domain, in  0.283 seconds
Domain Reload Profiling: 691ms
	BeginReloadAssembly (132ms)
		ExecutionOrderSort (0ms)
		DisableScriptedObjects (0ms)
		BackupInstance (0ms)
		ReleaseScriptingObjects (0ms)
		CreateAndSetChildDomain (1ms)
	RebuildCommonClasses (38ms)
	RebuildNativeTypeToScriptingClass (11ms)
	initialDomainReloadingComplete (75ms)
	LoadAllAssembliesAndSetupDomain (151ms)
		LoadAssemblies (129ms)
		RebuildTransferFunctionScriptingTraits (0ms)
		AnalyzeDomain (149ms)
			TypeCache.Refresh (147ms)
				TypeCache.ScanAssembly (134ms)
			ScanForSourceGeneratedMonoScriptInfo (0ms)
			ResolveRequiredComponents (1ms)
	FinalizeReload (283ms)
		ReleaseScriptCaches (0ms)
		RebuildScriptCaches (0ms)
		SetupLoadedEditorAssemblies (215ms)
			LogAssemblyErrors (0ms)
			InitializePlatformSupportModulesInManaged (14ms)
			SetLoadedEditorAssemblies (6ms)
			RefreshPlugins (0ms)
			BeforeProcessingInitializeOnLoad (2ms)
			ProcessInitializeOnLoadAttributes (139ms)
			ProcessInitializeOnLoadMethodAttributes (54ms)
			AfterProcessingInitializeOnLoad (0ms)
			EditorAssembliesLoaded (0ms)
		ExecutionOrderSort2 (0ms)
		AwakeInstancesAfterBackupRestoration (0ms)
========================================================================
Worker process is ready to serve import requests
Begin MonoManager ReloadAssembly
- Loaded All Assemblies, in  0.709 seconds
Refreshing native plugins compatible for Editor in 6.48 ms, found 4 plugins.
Native extension for WindowsStandalone target not found
Native extension for WebGL target not found
Package Manager log level set to [2]
[Package Manager] Server::EnsureServerProcessIsRunning -- launch failed, reason: Unity was launched with the -noUpm command-line argument
[Package Manager] UpmClient::Send -- Unable to send message (not connected to UPM process).
[Package Manager] Cannot connect to Unity Package Manager local server
Mono: successfully reloaded assembly
- Finished resetting the current domain, in  0.658 seconds
Domain Reload Profiling: 1360ms
	BeginReloadAssembly (155ms)
		ExecutionOrderSort (0ms)
		DisableScriptedObjects (6ms)
		BackupInstance (0ms)
		ReleaseScriptingObjects (0ms)
		CreateAndSetChildDomain (19ms)
	RebuildCommonClasses (34ms)
	RebuildNativeTypeToScriptingClass (11ms)
	initialDomainReloadingComplete (51ms)
	LoadAllAssembliesAndSetupDomain (451ms)
		LoadAssemblies (368ms)
		RebuildTransferFunctionScriptingTraits (0ms)
		AnalyzeDomain (176ms)
			TypeCache.Refresh (149ms)
				TypeCache.ScanAssembly (133ms)
			ScanForSourceGeneratedMonoScriptInfo (21ms)
			ResolveRequiredComponents (5ms)
	FinalizeReload (658ms)
		ReleaseScriptCaches (0ms)
		RebuildScriptCaches (0ms)
		SetupLoadedEditorAssemblies (492ms)
			LogAssemblyErrors (0ms)
			InitializePlatformSupportModulesInManaged (11ms)
			SetLoadedEditorAssemblies (4ms)
			RefreshPlugins (0ms)
			BeforeProcessingInitializeOnLoad (89ms)
			ProcessInitializeOnLoadAttributes (339ms)
			ProcessInitializeOnLoadMethodAttributes (37ms)
			AfterProcessingInitializeOnLoad (12ms)
			EditorAssembliesLoaded (0ms)
		ExecutionOrderSort2 (0ms)
		AwakeInstancesAfterBackupRestoration (8ms)
Launched and connected shader compiler UnityShaderCompiler.exe after 0.04 seconds
Refreshing native plugins compatible for Editor in 3.47 ms, found 4 plugins.
Preloading 0 native plugins for Editor in 0.00 ms.
Unloading 4004 Unused Serialized files (Serialized files now loaded: 0)
Unloading 69 unused Assets / (244.8 KB). Loaded Objects now: 4461.
Memory consumption went from 136.7 MB to 136.5 MB.
Total: 2.987000 ms (FindLiveObjects: 0.197700 ms CreateObjectMapping: 0.091400 ms MarkObjects: 2.536000 ms  DeleteObjects: 0.161100 ms)

AssetImportParameters requested are different than current active one (requested -> active):
  custom:container-demuxer-ogg: 62fdf1f143b41e24485cea50d1cbac27 -> 
  custom:video-decoder-ogg-theora: a1e56fd34408186e4bbccfd4996cb3dc -> 
  custom:CustomObjectIndexerAttribute: 756ad292c208cfabdd7b50bc23989ffe -> 
  custom:container-demuxer-webm: 4f35f7cbe854078d1ac9338744f61a02 -> 
  custom:container-muxer-webm: aa71ff27fc2769a1b78a27578f13a17b -> 
  custom:video-decoder-webm-vp8: 9c59270c3fd7afecdb556c50c9e8de78 -> 
  custom:SearchIndexIgnoredProperties: e643bd26f0fe6173181afceb89e7c659 -> 
  custom:AudioImporter_EditorPlatform: d09bf68614088b80899f8185d706f6e7 -> 
  custom:video-encoder-webm-vp8: eb34c28f22e8b96e1ab97ce403110664 -> 
  custom:audio-decoder-ogg-vorbis: bf7c407c2cedff20999df2af8eb42d56 -> 
  custom:audio-encoder-webm-vorbis: bf7c407c2cedff20999df2af8eb42d56 -> 
========================================================================
Received Import Request.
  Time since last request: 94628.745128 seconds.
  path: Assets/Puzzle stage & settings GUI Pack/Image_green/bar box.png
  artifactKey: Guid(0947d4d2acf497946abfbd8d4ea43cdc) Importer(815301076,1909f56bfc062723c751e8b465ee728b)
Start importing Assets/Puzzle stage & settings GUI Pack/Image_green/bar box.png using Guid(0947d4d2acf497946abfbd8d4ea43cdc) Importer(815301076,1909f56bfc062723c751e8b465ee728b)  -> (artifact id: 'faa5142cd91d9ef757ba972a0e818995') in 0.127069 seconds
Number of updated asset objects reloaded before import = 0
Number of asset objects unloaded after import = 3
========================================================================
Received Import Request.
  Time since last request: 0.000040 seconds.
  path: Assets/Puzzle stage & settings GUI Pack/Image_green/goods jelly.png
  artifactKey: Guid(e29babf1b68936d41ba9d42663ef8914) Importer(815301076,1909f56bfc062723c751e8b465ee728b)
Start importing Assets/Puzzle stage & settings GUI Pack/Image_green/goods jelly.png using Guid(e29babf1b68936d41ba9d42663ef8914) Importer(815301076,1909f56bfc062723c751e8b465ee728b)  -> (artifact id: '7003a6b29875549f6daa508779dda2ff') in 0.036929 seconds
Number of updated asset objects reloaded before import = 0
Number of asset objects unloaded after import = 3
========================================================================
Received Import Request.
  Time since last request: 0.000031 seconds.
  path: Assets/Puzzle stage & settings GUI Pack/Image_green/on.png
  artifactKey: Guid(f2d09d4014a28c3408d456c2b81090b8) Importer(815301076,1909f56bfc062723c751e8b465ee728b)
Start importing Assets/Puzzle stage & settings GUI Pack/Image_green/on.png using Guid(f2d09d4014a28c3408d456c2b81090b8) Importer(815301076,1909f56bfc062723c751e8b465ee728b)  -> (artifact id: '92aabd1ba4083b9d6f2c9df96193bfed') in 0.032374 seconds
Number of updated asset objects reloaded before import = 0
Number of asset objects unloaded after import = 3
========================================================================
Received Import Request.
  Time since last request: 0.000019 seconds.
  path: Assets/Puzzle stage & settings GUI Pack/Image_green/goods coin.png
  artifactKey: Guid(47c9f9dee77073148a8b59aaf28d746c) Importer(815301076,1909f56bfc062723c751e8b465ee728b)
Start importing Assets/Puzzle stage & settings GUI Pack/Image_green/goods coin.png using Guid(47c9f9dee77073148a8b59aaf28d746c) Importer(815301076,1909f56bfc062723c751e8b465ee728b)  -> (artifact id: '51d41e7c93b048d22fe94ab2da948196') in 0.038045 seconds
Number of updated asset objects reloaded before import = 0
Number of asset objects unloaded after import = 3
========================================================================
Received Import Request.
  Time since last request: 1.144609 seconds.
  path: Assets/Puzzle stage & settings GUI Pack/Image_orange/candy bar.png
  artifactKey: Guid(90c4b4d51296e1f40b1f303cff90392d) Importer(815301076,1909f56bfc062723c751e8b465ee728b)
Start importing Assets/Puzzle stage & settings GUI Pack/Image_orange/candy bar.png using Guid(90c4b4d51296e1f40b1f303cff90392d) Importer(815301076,1909f56bfc062723c751e8b465ee728b)  -> (artifact id: 'b07f45cbd81c16cf24292e1f311311d7') in 0.066947 seconds
Number of updated asset objects reloaded before import = 0
Number of asset objects unloaded after import = 3
========================================================================
Received Import Request.
  Time since last request: 0.000109 seconds.
  path: Assets/Puzzle stage & settings GUI Pack/Image_orange/jelly bar.png
  artifactKey: Guid(f3d6c9b3e6da0764b9e95b4e6a6ddf4d) Importer(815301076,1909f56bfc062723c751e8b465ee728b)
Start importing Assets/Puzzle stage & settings GUI Pack/Image_orange/jelly bar.png using Guid(f3d6c9b3e6da0764b9e95b4e6a6ddf4d) Importer(815301076,1909f56bfc062723c751e8b465ee728b)  -> (artifact id: '3d351b701e958a5566a574b433002a17') in 0.035455 seconds
Number of updated asset objects reloaded before import = 0
Number of asset objects unloaded after import = 3
========================================================================
Received Import Request.
  Time since last request: 0.000021 seconds.
  path: Assets/Puzzle stage & settings GUI Pack/Image_orange/Line.png
  artifactKey: Guid(cabf193cecdf1844d86251cd150f3475) Importer(815301076,1909f56bfc062723c751e8b465ee728b)
Start importing Assets/Puzzle stage & settings GUI Pack/Image_orange/Line.png using Guid(cabf193cecdf1844d86251cd150f3475) Importer(815301076,1909f56bfc062723c751e8b465ee728b)  -> (artifact id: 'ebcdfa7b73077f2647cb1d6cc7f28290') in 0.033385 seconds
Number of updated asset objects reloaded before import = 0
Number of asset objects unloaded after import = 3
========================================================================
Received Import Request.
  Time since last request: 0.000018 seconds.
  path: Assets/Puzzle stage & settings GUI Pack/Image_orange/item box_jelly.png
  artifactKey: Guid(13970f1d17051db43b69130e5a951eac) Importer(815301076,1909f56bfc062723c751e8b465ee728b)
Start importing Assets/Puzzle stage & settings GUI Pack/Image_orange/item box_jelly.png using Guid(13970f1d17051db43b69130e5a951eac) Importer(815301076,1909f56bfc062723c751e8b465ee728b)  -> (artifact id: 'd91216ca643aecd201d389e621694fbf') in 0.034615 seconds
Number of updated asset objects reloaded before import = 0
Number of asset objects unloaded after import = 3
========================================================================
Received Import Request.
  Time since last request: 0.000172 seconds.
  path: Assets/Puzzle stage & settings GUI Pack/Image_orange/jelly bar box.png
  artifactKey: Guid(d886f82581098b54399fab92e0875af3) Importer(815301076,1909f56bfc062723c751e8b465ee728b)
Start importing Assets/Puzzle stage & settings GUI Pack/Image_orange/jelly bar box.png using Guid(d886f82581098b54399fab92e0875af3) Importer(815301076,1909f56bfc062723c751e8b465ee728b)  -> (artifact id: '9505756051376b178cba9d2f626a5ee5') in 0.035238 seconds
Number of updated asset objects reloaded before import = 0
Number of asset objects unloaded after import = 3
========================================================================
Received Import Request.
  Time since last request: 0.000114 seconds.
  path: Assets/Puzzle stage & settings GUI Pack/Image_orange/item box_coin.png
  artifactKey: Guid(0e7e294ebab18d344a23b2e69dd8e2e5) Importer(815301076,1909f56bfc062723c751e8b465ee728b)
Start importing Assets/Puzzle stage & settings GUI Pack/Image_orange/item box_coin.png using Guid(0e7e294ebab18d344a23b2e69dd8e2e5) Importer(815301076,1909f56bfc062723c751e8b465ee728b)  -> (artifact id: '67d81beefc3b51ba667e2274d6e6c4a0') in 0.047561 seconds
Number of updated asset objects reloaded before import = 0
Number of asset objects unloaded after import = 3
========================================================================
Received Import Request.
  Time since last request: 2.452895 seconds.
  path: Assets/Puzzle stage & settings GUI Pack/Image_pink/bar box.png
  artifactKey: Guid(a90f9e93acf5352418425db60a3787f3) Importer(815301076,1909f56bfc062723c751e8b465ee728b)
Start importing Assets/Puzzle stage & settings GUI Pack/Image_pink/bar box.png using Guid(a90f9e93acf5352418425db60a3787f3) Importer(815301076,1909f56bfc062723c751e8b465ee728b)  -> (artifact id: '5553fb774409af428d7db47de6bd2747') in 0.052548 seconds
Number of updated asset objects reloaded before import = 0
Number of asset objects unloaded after import = 3
========================================================================
Received Import Request.
  Time since last request: 0.000027 seconds.
  path: Assets/Puzzle stage & settings GUI Pack/Image_pink/box.png
  artifactKey: Guid(7799747eecc87e340bd160fa9f3aaa1b) Importer(815301076,1909f56bfc062723c751e8b465ee728b)
Start importing Assets/Puzzle stage & settings GUI Pack/Image_pink/box.png using Guid(7799747eecc87e340bd160fa9f3aaa1b) Importer(815301076,1909f56bfc062723c751e8b465ee728b)  -> (artifact id: '686243fc44ede0282a4d6232328c7af2') in 0.051763 seconds
Number of updated asset objects reloaded before import = 0
Number of asset objects unloaded after import = 3
========================================================================
Received Import Request.
  Time since last request: 0.000029 seconds.
  path: Assets/Puzzle stage & settings GUI Pack/Image_pink/off.png
  artifactKey: Guid(1a432c2cfced2f44ba69f616f19d044d) Importer(815301076,1909f56bfc062723c751e8b465ee728b)
Start importing Assets/Puzzle stage & settings GUI Pack/Image_pink/off.png using Guid(1a432c2cfced2f44ba69f616f19d044d) Importer(815301076,1909f56bfc062723c751e8b465ee728b)  -> (artifact id: '40556306ffea811f45952cde35847a6e') in 0.041174 seconds
Number of updated asset objects reloaded before import = 0
Number of asset objects unloaded after import = 3
========================================================================
Received Import Request.
  Time since last request: 0.000023 seconds.
  path: Assets/Puzzle stage & settings GUI Pack/Image_pink/star.png
  artifactKey: Guid(c6c53084146c703479d667f9e1d3950e) Importer(815301076,1909f56bfc062723c751e8b465ee728b)
Start importing Assets/Puzzle stage & settings GUI Pack/Image_pink/star.png using Guid(c6c53084146c703479d667f9e1d3950e) Importer(815301076,1909f56bfc062723c751e8b465ee728b)  -> (artifact id: '6e6d80d3d68b9f7c2a53114bbae36bea') in 0.035389 seconds
Number of updated asset objects reloaded before import = 0
Number of asset objects unloaded after import = 3
========================================================================
Received Import Request.
  Time since last request: 0.000021 seconds.
  path: Assets/Puzzle stage & settings GUI Pack/Image_pink/line.png
  artifactKey: Guid(2be0bc8852a5d2c46b4dc305af67bf78) Importer(815301076,1909f56bfc062723c751e8b465ee728b)
Start importing Assets/Puzzle stage & settings GUI Pack/Image_pink/line.png using Guid(2be0bc8852a5d2c46b4dc305af67bf78) Importer(815301076,1909f56bfc062723c751e8b465ee728b)  -> (artifact id: 'eac1764b3ca0824182a5ddfb64fcfb37') in 0.028802 seconds
Number of updated asset objects reloaded before import = 0
Number of asset objects unloaded after import = 3
========================================================================
Received Import Request.
  Time since last request: 46.886584 seconds.
  path: Assets/Puzzle stage & settings GUI Pack/Image_pink/txt/2.png
  artifactKey: Guid(1b64a1fe54eb3eb45a461548eb461db7) Importer(815301076,1909f56bfc062723c751e8b465ee728b)
Start importing Assets/Puzzle stage & settings GUI Pack/Image_pink/txt/2.png using Guid(1b64a1fe54eb3eb45a461548eb461db7) Importer(815301076,1909f56bfc062723c751e8b465ee728b)  -> (artifact id: 'b11b0c2dc000acf710f70a6c0035cf40') in 0.035543 seconds
Number of updated asset objects reloaded before import = 0
Number of asset objects unloaded after import = 3
========================================================================
Received Import Request.
  Time since last request: 0.000083 seconds.
  path: Assets/Puzzle stage & settings GUI Pack/Image_pink/txt/4.png
  artifactKey: Guid(576315cfba67e3144a10f882728abc97) Importer(815301076,1909f56bfc062723c751e8b465ee728b)
Start importing Assets/Puzzle stage & settings GUI Pack/Image_pink/txt/4.png using Guid(576315cfba67e3144a10f882728abc97) Importer(815301076,1909f56bfc062723c751e8b465ee728b)  -> (artifact id: 'c4ec566414c9fd19ca1cd7dfb6829ca8') in 0.039948 seconds
Number of updated asset objects reloaded before import = 0
Number of asset objects unloaded after import = 3
========================================================================
Received Import Request.
  Time since last request: 0.000196 seconds.
  path: Assets/Puzzle stage & settings GUI Pack/Image_pink/txt/sound.png
  artifactKey: Guid(6c696f274268d9249a91a14a0cd02537) Importer(815301076,1909f56bfc062723c751e8b465ee728b)
Start importing Assets/Puzzle stage & settings GUI Pack/Image_pink/txt/sound.png using Guid(6c696f274268d9249a91a14a0cd02537) Importer(815301076,1909f56bfc062723c751e8b465ee728b)  -> (artifact id: '52c4c1de75e1a9b99c8bbd1e705fe7e4') in 0.032386 seconds
Number of updated asset objects reloaded before import = 0
Number of asset objects unloaded after import = 3
========================================================================
Received Import Request.
  Time since last request: 0.000023 seconds.
  path: Assets/Puzzle stage & settings GUI Pack/Image_pink/txt/music.png
  artifactKey: Guid(2c441df47baee7846b79d72e831f079f) Importer(815301076,1909f56bfc062723c751e8b465ee728b)
Start importing Assets/Puzzle stage & settings GUI Pack/Image_pink/txt/music.png using Guid(2c441df47baee7846b79d72e831f079f) Importer(815301076,1909f56bfc062723c751e8b465ee728b)  -> (artifact id: '8da998b979e9619b34de62bc4f76f226') in 0.045986 seconds
Number of updated asset objects reloaded before import = 0
Number of asset objects unloaded after import = 3
========================================================================
Received Import Request.
  Time since last request: 0.000051 seconds.
  path: Assets/Puzzle stage & settings GUI Pack/Image_pink/txt/5.png
  artifactKey: Guid(1dc86e21e16666b49a9669dac662cdd5) Importer(815301076,1909f56bfc062723c751e8b465ee728b)
Start importing Assets/Puzzle stage & settings GUI Pack/Image_pink/txt/5.png using Guid(1dc86e21e16666b49a9669dac662cdd5) Importer(815301076,1909f56bfc062723c751e8b465ee728b)  -> (artifact id: '2c8903e638e2738e012f1f28b00e4f7f') in 0.034825 seconds
Number of updated asset objects reloaded before import = 0
Number of asset objects unloaded after import = 3
Editor requested this worker to shutdown with reason: Scaling down because of idle timeout
TcpMessagingSession - receive error: operation aborted. errorcode: 995, details: Der E/A-Vorgang wurde wegen eines Threadendes oder einer Anwendungsanforderung abgebrochen.
AssetImportWorker is now disconnected from the server
Process exiting
Exiting without the bug reporter. Application will terminate with return code 0