Using pre-set license
Built from '2022.3/staging' branch; Version is '2022.3.10f1 (ff3792e53c62) revision 16725906'; Using compiler version '192829333'; Build Type 'Release'
OS: 'Windows 10  (10.0.19045) 64bit EnterpriseN' Language: 'de' Physical Memory: 32399 MB
BatchMode: 1, IsHumanControllingUs: 0, StartBugReporterOnCrash: 0, Is64bit: 1, IsPro: 1

COMMAND LINE ARGUMENTS:
C:\Program Files\Unity\Hub\Editor\2022.3.10f1\Editor\Unity.exe
-adb2
-batchMode
-noUpm
-name
AssetImportWorker0
-projectPath
C:/Users/da7fr4/UnityProjects/Studienarbeit
-logFile
Logs/AssetImportWorker0.log
-srvPort
59040
Successfully changed project path to: C:/Users/da7fr4/UnityProjects/Studienarbeit
C:/Users/da7fr4/UnityProjects/Studienarbeit
[UnityMemory] Configuration Parameters - Can be set up in boot.config
    "memorysetup-bucket-allocator-granularity=16"
    "memorysetup-bucket-allocator-bucket-count=8"
    "memorysetup-bucket-allocator-block-size=33554432"
    "memorysetup-bucket-allocator-block-count=8"
    "memorysetup-main-allocator-block-size=16777216"
    "memorysetup-thread-allocator-block-size=16777216"
    "memorysetup-gfx-main-allocator-block-size=16777216"
    "memorysetup-gfx-thread-allocator-block-size=16777216"
    "memorysetup-cache-allocator-block-size=4194304"
    "memorysetup-typetree-allocator-block-size=2097152"
    "memorysetup-profiler-bucket-allocator-granularity=16"
    "memorysetup-profiler-bucket-allocator-bucket-count=8"
    "memorysetup-profiler-bucket-allocator-block-size=33554432"
    "memorysetup-profiler-bucket-allocator-block-count=8"
    "memorysetup-profiler-allocator-block-size=16777216"
    "memorysetup-profiler-editor-allocator-block-size=1048576"
    "memorysetup-temp-allocator-size-main=16777216"
    "memorysetup-job-temp-allocator-block-size=2097152"
    "memorysetup-job-temp-allocator-block-size-background=1048576"
    "memorysetup-job-temp-allocator-reduction-small-platforms=262144"
    "memorysetup-allocator-temp-initial-block-size-main=262144"
    "memorysetup-allocator-temp-initial-block-size-worker=262144"
    "memorysetup-temp-allocator-size-background-worker=32768"
    "memorysetup-temp-allocator-size-job-worker=262144"
    "memorysetup-temp-allocator-size-preload-manager=33554432"
    "memorysetup-temp-allocator-size-nav-mesh-worker=65536"
    "memorysetup-temp-allocator-size-audio-worker=65536"
    "memorysetup-temp-allocator-size-cloud-worker=32768"
    "memorysetup-temp-allocator-size-gi-baking-worker=262144"
    "memorysetup-temp-allocator-size-gfx=262144"
Player connection [1980] Host "[IP] 141.31.86.75 [Port] 0 [Flags] 2 [Guid] 489630269 [EditorId] 489630269 [Version] 1048832 [Id] WindowsEditor(7,nb-1315) [Debug] 1 [PackageName] WindowsEditor [ProjectName] Editor" joined multi-casting on [225.0.0.222:54997]...

Player connection [1980] Host "[IP] 141.31.86.75 [Port] 0 [Flags] 2 [Guid] 489630269 [EditorId] 489630269 [Version] 1048832 [Id] WindowsEditor(7,nb-1315) [Debug] 1 [PackageName] WindowsEditor [ProjectName] Editor" joined alternative multi-casting on [225.0.0.222:34997]...

[Physics::Module] Initialized MultithreadedJobDispatcher with 11 workers.
Refreshing native plugins compatible for Editor in 27.97 ms, found 4 plugins.
Preloading 0 native plugins for Editor in 0.00 ms.
Initialize engine version: 2022.3.10f1 (ff3792e53c62)
[Subsystems] Discovering subsystems at path C:/Program Files/Unity/Hub/Editor/2022.3.10f1/Editor/Data/Resources/UnitySubsystems
[Subsystems] Discovering subsystems at path C:/Users/da7fr4/UnityProjects/Studienarbeit/Assets
GfxDevice: creating device client; threaded=0; jobified=0
Direct3D:
    Version:  Direct3D 11.0 [level 11.1]
    Renderer: Intel(R) Iris(R) Xe Graphics (ID=0x46a8)
    Vendor:   Intel
    VRAM:     16199 MB
    Driver:   31.0.101.4255
Initialize mono
Mono path[0] = 'C:/Program Files/Unity/Hub/Editor/2022.3.10f1/Editor/Data/Managed'
Mono path[1] = 'C:/Program Files/Unity/Hub/Editor/2022.3.10f1/Editor/Data/MonoBleedingEdge/lib/mono/unityjit-win32'
Mono config path = 'C:/Program Files/Unity/Hub/Editor/2022.3.10f1/Editor/Data/MonoBleedingEdge/etc'
Using monoOptions --debugger-agent=transport=dt_socket,embedding=1,server=y,suspend=n,address=127.0.0.1:56804
Begin MonoManager ReloadAssembly
Registering precompiled unity dll's ...
Register platform support module: C:/Program Files/Unity/Hub/Editor/2022.3.10f1/Editor/Data/PlaybackEngines/WebGLSupport/UnityEditor.WebGL.Extensions.dll
Register platform support module: C:/Program Files/Unity/Hub/Editor/2022.3.10f1/Editor/Data/PlaybackEngines/WindowsStandaloneSupport/UnityEditor.WindowsStandalone.Extensions.dll
Registered in 0.019886 seconds.
- Loaded All Assemblies, in  0.477 seconds
Native extension for WindowsStandalone target not found
Native extension for WebGL target not found
Mono: successfully reloaded assembly
- Finished resetting the current domain, in  0.282 seconds
Domain Reload Profiling: 755ms
	BeginReloadAssembly (163ms)
		ExecutionOrderSort (0ms)
		DisableScriptedObjects (0ms)
		BackupInstance (0ms)
		ReleaseScriptingObjects (0ms)
		CreateAndSetChildDomain (1ms)
	RebuildCommonClasses (43ms)
	RebuildNativeTypeToScriptingClass (12ms)
	initialDomainReloadingComplete (95ms)
	LoadAllAssembliesAndSetupDomain (158ms)
		LoadAssemblies (160ms)
		RebuildTransferFunctionScriptingTraits (0ms)
		AnalyzeDomain (155ms)
			TypeCache.Refresh (154ms)
				TypeCache.ScanAssembly (140ms)
			ScanForSourceGeneratedMonoScriptInfo (0ms)
			ResolveRequiredComponents (1ms)
	FinalizeReload (283ms)
		ReleaseScriptCaches (0ms)
		RebuildScriptCaches (0ms)
		SetupLoadedEditorAssemblies (215ms)
			LogAssemblyErrors (0ms)
			InitializePlatformSupportModulesInManaged (14ms)
			SetLoadedEditorAssemblies (6ms)
			RefreshPlugins (0ms)
			BeforeProcessingInitializeOnLoad (2ms)
			ProcessInitializeOnLoadAttributes (140ms)
			ProcessInitializeOnLoadMethodAttributes (53ms)
			AfterProcessingInitializeOnLoad (0ms)
			EditorAssembliesLoaded (0ms)
		ExecutionOrderSort2 (0ms)
		AwakeInstancesAfterBackupRestoration (0ms)
========================================================================
Worker process is ready to serve import requests
Begin MonoManager ReloadAssembly
- Loaded All Assemblies, in  0.859 seconds
Refreshing native plugins compatible for Editor in 8.18 ms, found 4 plugins.
Native extension for WindowsStandalone target not found
Native extension for WebGL target not found
Package Manager log level set to [2]
[Package Manager] Server::EnsureServerProcessIsRunning -- launch failed, reason: Unity was launched with the -noUpm command-line argument
[Package Manager] UpmClient::Send -- Unable to send message (not connected to UPM process).
[Package Manager] Cannot connect to Unity Package Manager local server
Mono: successfully reloaded assembly
- Finished resetting the current domain, in  0.811 seconds
Domain Reload Profiling: 1662ms
	BeginReloadAssembly (172ms)
		ExecutionOrderSort (0ms)
		DisableScriptedObjects (7ms)
		BackupInstance (0ms)
		ReleaseScriptingObjects (0ms)
		CreateAndSetChildDomain (22ms)
	RebuildCommonClasses (40ms)
	RebuildNativeTypeToScriptingClass (12ms)
	initialDomainReloadingComplete (64ms)
	LoadAllAssembliesAndSetupDomain (562ms)
		LoadAssemblies (450ms)
		RebuildTransferFunctionScriptingTraits (0ms)
		AnalyzeDomain (211ms)
			TypeCache.Refresh (179ms)
				TypeCache.ScanAssembly (159ms)
			ScanForSourceGeneratedMonoScriptInfo (25ms)
			ResolveRequiredComponents (5ms)
	FinalizeReload (812ms)
		ReleaseScriptCaches (0ms)
		RebuildScriptCaches (0ms)
		SetupLoadedEditorAssemblies (609ms)
			LogAssemblyErrors (0ms)
			InitializePlatformSupportModulesInManaged (13ms)
			SetLoadedEditorAssemblies (4ms)
			RefreshPlugins (0ms)
			BeforeProcessingInitializeOnLoad (103ms)
			ProcessInitializeOnLoadAttributes (424ms)
			ProcessInitializeOnLoadMethodAttributes (46ms)
			AfterProcessingInitializeOnLoad (17ms)
			EditorAssembliesLoaded (0ms)
		ExecutionOrderSort2 (0ms)
		AwakeInstancesAfterBackupRestoration (10ms)
Launched and connected shader compiler UnityShaderCompiler.exe after 0.05 seconds
Refreshing native plugins compatible for Editor in 4.56 ms, found 4 plugins.
Preloading 0 native plugins for Editor in 0.00 ms.
Unloading 4003 Unused Serialized files (Serialized files now loaded: 0)
Unloading 69 unused Assets / (245.2 KB). Loaded Objects now: 4460.
Memory consumption went from 136.7 MB to 136.4 MB.
Total: 4.514300 ms (FindLiveObjects: 0.358000 ms CreateObjectMapping: 0.094000 ms MarkObjects: 3.843000 ms  DeleteObjects: 0.217600 ms)

AssetImportParameters requested are different than current active one (requested -> active):
  custom:container-demuxer-ogg: 62fdf1f143b41e24485cea50d1cbac27 -> 
  custom:video-decoder-ogg-theora: a1e56fd34408186e4bbccfd4996cb3dc -> 
  custom:CustomObjectIndexerAttribute: 756ad292c208cfabdd7b50bc23989ffe -> 
  custom:container-demuxer-webm: 4f35f7cbe854078d1ac9338744f61a02 -> 
  custom:container-muxer-webm: aa71ff27fc2769a1b78a27578f13a17b -> 
  custom:video-decoder-webm-vp8: 9c59270c3fd7afecdb556c50c9e8de78 -> 
  custom:SearchIndexIgnoredProperties: e643bd26f0fe6173181afceb89e7c659 -> 
  custom:AudioImporter_EditorPlatform: d09bf68614088b80899f8185d706f6e7 -> 
  custom:video-encoder-webm-vp8: eb34c28f22e8b96e1ab97ce403110664 -> 
  custom:audio-decoder-ogg-vorbis: bf7c407c2cedff20999df2af8eb42d56 -> 
  custom:audio-encoder-webm-vorbis: bf7c407c2cedff20999df2af8eb42d56 -> 
========================================================================
Received Import Request.
  Time since last request: 93912.114855 seconds.
  path: Assets/Scenes
  artifactKey: Guid(626a85c3e48a01b4db24118bccb9fc47) Importer(815301076,1909f56bfc062723c751e8b465ee728b)
Start importing Assets/Scenes using Guid(626a85c3e48a01b4db24118bccb9fc47) Importer(815301076,1909f56bfc062723c751e8b465ee728b)  -> (artifact id: '3d25b96ed79c479e36db1046f7fe5a86') in 0.001932 seconds
Number of updated asset objects reloaded before import = 0
Number of asset objects unloaded after import = 0
========================================================================
Received Import Request.
  Time since last request: 0.000105 seconds.
  path: Assets/Scenes/StartScreen.unity
  artifactKey: Guid(2cda990e2423bbf4892e6590ba056729) Importer(815301076,1909f56bfc062723c751e8b465ee728b)
Start importing Assets/Scenes/StartScreen.unity using Guid(2cda990e2423bbf4892e6590ba056729) Importer(815301076,1909f56bfc062723c751e8b465ee728b)  -> (artifact id: '7e59ac0b87f74b8b5a8ebdf7f1b8f77f') in 0.000794 seconds
Number of updated asset objects reloaded before import = 0
Number of asset objects unloaded after import = 0
========================================================================
Received Import Request.
  Time since last request: 0.702653 seconds.
  path: Assets/Scenes/TItle Screen.unity
  artifactKey: Guid(2cda990e2423bbf4892e6590ba056729) Importer(815301076,1909f56bfc062723c751e8b465ee728b)
Start importing Assets/Scenes/TItle Screen.unity using Guid(2cda990e2423bbf4892e6590ba056729) Importer(815301076,1909f56bfc062723c751e8b465ee728b)  -> (artifact id: 'e19ad223ec26bbb8476e5f71eb29e8c1') in 0.000787 seconds
Number of updated asset objects reloaded before import = 0
Number of asset objects unloaded after import = 0
========================================================================
Received Prepare
Begin MonoManager ReloadAssembly
- Loaded All Assemblies, in  0.668 seconds
Refreshing native plugins compatible for Editor in 12.45 ms, found 4 plugins.
Native extension for WindowsStandalone target not found
Native extension for WebGL target not found
[Package Manager] Server::EnsureServerProcessIsRunning -- launch failed, reason: Unity was launched with the -noUpm command-line argument
[Package Manager] UpmClient::Send -- Unable to send message (not connected to UPM process).
[Package Manager] Cannot connect to Unity Package Manager local server
Mono: successfully reloaded assembly
- Finished resetting the current domain, in  1.432 seconds
Domain Reload Profiling: 2091ms
	BeginReloadAssembly (192ms)
		ExecutionOrderSort (0ms)
		DisableScriptedObjects (14ms)
		BackupInstance (0ms)
		ReleaseScriptingObjects (0ms)
		CreateAndSetChildDomain (36ms)
	RebuildCommonClasses (36ms)
	RebuildNativeTypeToScriptingClass (13ms)
	initialDomainReloadingComplete (44ms)
	LoadAllAssembliesAndSetupDomain (374ms)
		LoadAssemblies (445ms)
		RebuildTransferFunctionScriptingTraits (0ms)
		AnalyzeDomain (35ms)
			TypeCache.Refresh (12ms)
				TypeCache.ScanAssembly (0ms)
			ScanForSourceGeneratedMonoScriptInfo (15ms)
			ResolveRequiredComponents (8ms)
	FinalizeReload (1432ms)
		ReleaseScriptCaches (0ms)
		RebuildScriptCaches (0ms)
		SetupLoadedEditorAssemblies (468ms)
			LogAssemblyErrors (0ms)
			InitializePlatformSupportModulesInManaged (11ms)
			SetLoadedEditorAssemblies (4ms)
			RefreshPlugins (0ms)
			BeforeProcessingInitializeOnLoad (92ms)
			ProcessInitializeOnLoadAttributes (306ms)
			ProcessInitializeOnLoadMethodAttributes (39ms)
			AfterProcessingInitializeOnLoad (16ms)
			EditorAssembliesLoaded (0ms)
		ExecutionOrderSort2 (0ms)
		AwakeInstancesAfterBackupRestoration (19ms)
Refreshing native plugins compatible for Editor in 10.86 ms, found 4 plugins.
Preloading 0 native plugins for Editor in 0.00 ms.
Unloading 3998 Unused Serialized files (Serialized files now loaded: 0)
Unloading 41 unused Assets / (217.1 KB). Loaded Objects now: 4466.
Memory consumption went from 135.1 MB to 134.9 MB.
Total: 5.217400 ms (FindLiveObjects: 0.397600 ms CreateObjectMapping: 0.271000 ms MarkObjects: 4.264400 ms  DeleteObjects: 0.282600 ms)

Prepare: number of updated asset objects reloaded= 0
AssetImportParameters requested are different than current active one (requested -> active):
  custom:container-demuxer-ogg: 62fdf1f143b41e24485cea50d1cbac27 -> 
  custom:video-decoder-ogg-theora: a1e56fd34408186e4bbccfd4996cb3dc -> 
  custom:CustomObjectIndexerAttribute: 756ad292c208cfabdd7b50bc23989ffe -> 
  custom:container-demuxer-webm: 4f35f7cbe854078d1ac9338744f61a02 -> 
  custom:container-muxer-webm: aa71ff27fc2769a1b78a27578f13a17b -> 
  custom:video-decoder-webm-vp8: 9c59270c3fd7afecdb556c50c9e8de78 -> 
  custom:SearchIndexIgnoredProperties: e643bd26f0fe6173181afceb89e7c659 -> 
  custom:AudioImporter_EditorPlatform: d09bf68614088b80899f8185d706f6e7 -> 
  custom:video-encoder-webm-vp8: eb34c28f22e8b96e1ab97ce403110664 -> 
  custom:audio-decoder-ogg-vorbis: bf7c407c2cedff20999df2af8eb42d56 -> 
  custom:audio-encoder-webm-vorbis: bf7c407c2cedff20999df2af8eb42d56 -> 
========================================================================
Received Import Request.
  Time since last request: 458.103885 seconds.
  path: Assets/Buttons
  artifactKey: Guid(df07e7c60952ea441aba4c5f8747d6bb) Importer(815301076,1909f56bfc062723c751e8b465ee728b)
Start importing Assets/Buttons using Guid(df07e7c60952ea441aba4c5f8747d6bb) Importer(815301076,1909f56bfc062723c751e8b465ee728b)  -> (artifact id: '57427cd257366818051774a97085d3af') in 0.002263 seconds
Number of updated asset objects reloaded before import = 0
Number of asset objects unloaded after import = 0
========================================================================
Received Import Request.
  Time since last request: 0.667312 seconds.
  path: Assets/Buttons/Simple Buttons
  artifactKey: Guid(38b6683df0d7cb44c86367686b666bf9) Importer(815301076,1909f56bfc062723c751e8b465ee728b)
Start importing Assets/Buttons/Simple Buttons using Guid(38b6683df0d7cb44c86367686b666bf9) Importer(815301076,1909f56bfc062723c751e8b465ee728b)  -> (artifact id: 'fd6ec3f8f16a3161e516505a4c161762') in 0.000719 seconds
Number of updated asset objects reloaded before import = 0
Number of asset objects unloaded after import = 0
========================================================================
Received Import Request.
  Time since last request: 1.038617 seconds.
  path: Assets/Buttons/Simple Buttons/Big Buttons
  artifactKey: Guid(06c9a1089e33c0940a01190d612d8565) Importer(815301076,1909f56bfc062723c751e8b465ee728b)
Start importing Assets/Buttons/Simple Buttons/Big Buttons using Guid(06c9a1089e33c0940a01190d612d8565) Importer(815301076,1909f56bfc062723c751e8b465ee728b)  -> (artifact id: '7c6f06c89a9a5c5cd4d9fa5122cbec98') in 0.000884 seconds
Number of updated asset objects reloaded before import = 0
Number of asset objects unloaded after import = 0
========================================================================
Received Import Request.
  Time since last request: 0.101278 seconds.
  path: Assets/Buttons/Simple Buttons/Big Buttons/BigBlue.png
  artifactKey: Guid(90ced506aa0f51a4289ec49382f4a6ed) Importer(815301076,1909f56bfc062723c751e8b465ee728b)
Start importing Assets/Buttons/Simple Buttons/Big Buttons/BigBlue.png using Guid(90ced506aa0f51a4289ec49382f4a6ed) Importer(815301076,1909f56bfc062723c751e8b465ee728b)  -> (artifact id: '712aec335b30f964adc4c03f5f074bd9') in 0.121311 seconds
Number of updated asset objects reloaded before import = 0
Number of asset objects unloaded after import = 3
========================================================================
Received Import Request.
  Time since last request: 0.000033 seconds.
  path: Assets/Buttons/Simple Buttons/Big Buttons/BigPurple.png
  artifactKey: Guid(1007286c832092d4ca0fcba0fad046a3) Importer(815301076,1909f56bfc062723c751e8b465ee728b)
Start importing Assets/Buttons/Simple Buttons/Big Buttons/BigPurple.png using Guid(1007286c832092d4ca0fcba0fad046a3) Importer(815301076,1909f56bfc062723c751e8b465ee728b)  -> (artifact id: '22ee1f0996f7697cb913a917867d081e') in 0.025880 seconds
Number of updated asset objects reloaded before import = 0
Number of asset objects unloaded after import = 3
========================================================================
Received Import Request.
  Time since last request: 0.000039 seconds.
  path: Assets/Buttons/Simple Buttons/Big Buttons/BigPink.png
  artifactKey: Guid(5f4b5e4d7ee5eb14e97739815339826f) Importer(815301076,1909f56bfc062723c751e8b465ee728b)
Start importing Assets/Buttons/Simple Buttons/Big Buttons/BigPink.png using Guid(5f4b5e4d7ee5eb14e97739815339826f) Importer(815301076,1909f56bfc062723c751e8b465ee728b)  -> (artifact id: '720e861464b165bcae5c2bc05ce23d71') in 0.026994 seconds
Number of updated asset objects reloaded before import = 0
Number of asset objects unloaded after import = 3
========================================================================
Received Import Request.
  Time since last request: 0.000044 seconds.
  path: Assets/Buttons/Simple Buttons/Big Buttons/BigLigthBlue.png
  artifactKey: Guid(06f5327c8a8659b44aa589fd6c0f6660) Importer(815301076,1909f56bfc062723c751e8b465ee728b)
Start importing Assets/Buttons/Simple Buttons/Big Buttons/BigLigthBlue.png using Guid(06f5327c8a8659b44aa589fd6c0f6660) Importer(815301076,1909f56bfc062723c751e8b465ee728b)  -> (artifact id: '5d2d5db49f8ac57f88a9d06a5fdcbec2') in 0.027239 seconds
Number of updated asset objects reloaded before import = 0
Number of asset objects unloaded after import = 3
========================================================================
Received Import Request.
  Time since last request: 248.432247 seconds.
  path: Assets/Puzzle stage & settings GUI Pack/google.png
  artifactKey: Guid(8dbf17161d3061443990ffedeb5e43e6) Importer(815301076,1909f56bfc062723c751e8b465ee728b)
Start importing Assets/Puzzle stage & settings GUI Pack/google.png using Guid(8dbf17161d3061443990ffedeb5e43e6) Importer(815301076,1909f56bfc062723c751e8b465ee728b)  -> (artifact id: 'de3b425f70571305d89e6550c16ebb09') in 0.031246 seconds
Number of updated asset objects reloaded before import = 0
Number of asset objects unloaded after import = 3
========================================================================
Received Import Request.
  Time since last request: 3.000094 seconds.
  path: Assets/Puzzle stage & settings GUI Pack/Image_blue/bar.png
  artifactKey: Guid(3158a81040271944c86df426100da268) Importer(815301076,1909f56bfc062723c751e8b465ee728b)
Start importing Assets/Puzzle stage & settings GUI Pack/Image_blue/bar.png using Guid(3158a81040271944c86df426100da268) Importer(815301076,1909f56bfc062723c751e8b465ee728b)  -> (artifact id: '6c61c4beb2aed3e21c55f3a86807fdbf') in 0.051791 seconds
Number of updated asset objects reloaded before import = 0
Number of asset objects unloaded after import = 3
========================================================================
Received Import Request.
  Time since last request: 0.000050 seconds.
  path: Assets/Puzzle stage & settings GUI Pack/Image_blue/bar box.png
  artifactKey: Guid(bb9ac4b8e354b784aab1e598640e292a) Importer(815301076,1909f56bfc062723c751e8b465ee728b)
Start importing Assets/Puzzle stage & settings GUI Pack/Image_blue/bar box.png using Guid(bb9ac4b8e354b784aab1e598640e292a) Importer(815301076,1909f56bfc062723c751e8b465ee728b)  -> (artifact id: '87afa2d885fcecdc93e407871408d1cd') in 0.045333 seconds
Number of updated asset objects reloaded before import = 0
Number of asset objects unloaded after import = 3
========================================================================
Received Import Request.
  Time since last request: 0.000046 seconds.
  path: Assets/Puzzle stage & settings GUI Pack/Image_blue/box.png
  artifactKey: Guid(57ad7b12ad676a145a4b8936a28b38be) Importer(815301076,1909f56bfc062723c751e8b465ee728b)
Start importing Assets/Puzzle stage & settings GUI Pack/Image_blue/box.png using Guid(57ad7b12ad676a145a4b8936a28b38be) Importer(815301076,1909f56bfc062723c751e8b465ee728b)  -> (artifact id: '9f20798ec73233ae9cf44069160ccd4d') in 0.056394 seconds
Number of updated asset objects reloaded before import = 0
Number of asset objects unloaded after import = 3
========================================================================
Received Import Request.
  Time since last request: 0.000023 seconds.
  path: Assets/Puzzle stage & settings GUI Pack/Image_blue/stage.png
  artifactKey: Guid(f8d36686876a91a40834d72832cf649c) Importer(815301076,1909f56bfc062723c751e8b465ee728b)
Start importing Assets/Puzzle stage & settings GUI Pack/Image_blue/stage.png using Guid(f8d36686876a91a40834d72832cf649c) Importer(815301076,1909f56bfc062723c751e8b465ee728b)  -> (artifact id: 'b07b9e010eb83f781a0b3bb36732ab71') in 0.033061 seconds
Number of updated asset objects reloaded before import = 0
Number of asset objects unloaded after import = 3
========================================================================
Received Import Request.
  Time since last request: 0.000032 seconds.
  path: Assets/Puzzle stage & settings GUI Pack/Image_blue/line.png
  artifactKey: Guid(07f1a3f9a8c319c4aaa2d3f1c9138268) Importer(815301076,1909f56bfc062723c751e8b465ee728b)
Start importing Assets/Puzzle stage & settings GUI Pack/Image_blue/line.png using Guid(07f1a3f9a8c319c4aaa2d3f1c9138268) Importer(815301076,1909f56bfc062723c751e8b465ee728b)  -> (artifact id: '5107b2bdb1932c374da474e46c13eb70') in 0.031781 seconds
Number of updated asset objects reloaded before import = 0
Number of asset objects unloaded after import = 3
========================================================================
Received Import Request.
  Time since last request: 0.000036 seconds.
  path: Assets/Puzzle stage & settings GUI Pack/Image_blue/star box.png
  artifactKey: Guid(b5bd3f31b053aed4ebaf56227cab641b) Importer(815301076,1909f56bfc062723c751e8b465ee728b)
Start importing Assets/Puzzle stage & settings GUI Pack/Image_blue/star box.png using Guid(b5bd3f31b053aed4ebaf56227cab641b) Importer(815301076,1909f56bfc062723c751e8b465ee728b)  -> (artifact id: '602004833543fc760bd6f3fa606c4fa7') in 0.032977 seconds
Number of updated asset objects reloaded before import = 0
Number of asset objects unloaded after import = 3
========================================================================
Received Import Request.
  Time since last request: 0.000023 seconds.
  path: Assets/Puzzle stage & settings GUI Pack/Image_blue/off.png
  artifactKey: Guid(373f0d2033dff1a43af706b92034bd19) Importer(815301076,1909f56bfc062723c751e8b465ee728b)
Start importing Assets/Puzzle stage & settings GUI Pack/Image_blue/off.png using Guid(373f0d2033dff1a43af706b92034bd19) Importer(815301076,1909f56bfc062723c751e8b465ee728b)  -> (artifact id: '859f77cd9b09841b861dc042c664df2c') in 0.032089 seconds
Number of updated asset objects reloaded before import = 0
Number of asset objects unloaded after import = 3
========================================================================
Received Import Request.
  Time since last request: 0.000030 seconds.
  path: Assets/Puzzle stage & settings GUI Pack/Image_blue/star.png
  artifactKey: Guid(52d058b4a775d964d871cb579cafc65a) Importer(815301076,1909f56bfc062723c751e8b465ee728b)
Start importing Assets/Puzzle stage & settings GUI Pack/Image_blue/star.png using Guid(52d058b4a775d964d871cb579cafc65a) Importer(815301076,1909f56bfc062723c751e8b465ee728b)  -> (artifact id: '06ec5da7fdfa18b5ceef44fb5efc40fb') in 0.029693 seconds
Number of updated asset objects reloaded before import = 0
Number of asset objects unloaded after import = 3
========================================================================
Received Import Request.
  Time since last request: 4.014812 seconds.
  path: Assets/Puzzle stage & settings GUI Pack/Image_green/bar.png
  artifactKey: Guid(4583774c720a19b4b9e6f304ebc89917) Importer(815301076,1909f56bfc062723c751e8b465ee728b)
Start importing Assets/Puzzle stage & settings GUI Pack/Image_green/bar.png using Guid(4583774c720a19b4b9e6f304ebc89917) Importer(815301076,1909f56bfc062723c751e8b465ee728b)  -> (artifact id: '94d0df914a3bc13f4bf553bd3fcf2dc4') in 0.038002 seconds
Number of updated asset objects reloaded before import = 0
Number of asset objects unloaded after import = 3
========================================================================
Received Import Request.
  Time since last request: 0.000050 seconds.
  path: Assets/Puzzle stage & settings GUI Pack/Image_green/stage.png
  artifactKey: Guid(b4af768a35b6f99449f6eb0788cc404d) Importer(815301076,1909f56bfc062723c751e8b465ee728b)
Start importing Assets/Puzzle stage & settings GUI Pack/Image_green/stage.png using Guid(b4af768a35b6f99449f6eb0788cc404d) Importer(815301076,1909f56bfc062723c751e8b465ee728b)  -> (artifact id: 'daf76bed426714632853e01852895f8d') in 0.030721 seconds
Number of updated asset objects reloaded before import = 0
Number of asset objects unloaded after import = 3
========================================================================
Received Import Request.
  Time since last request: 0.000019 seconds.
  path: Assets/Puzzle stage & settings GUI Pack/Image_green/star.png
  artifactKey: Guid(71b128a043d04fa4b89d1c7680d515ea) Importer(815301076,1909f56bfc062723c751e8b465ee728b)
Start importing Assets/Puzzle stage & settings GUI Pack/Image_green/star.png using Guid(71b128a043d04fa4b89d1c7680d515ea) Importer(815301076,1909f56bfc062723c751e8b465ee728b)  -> (artifact id: '228407af5d3f89723071b71fe9736be8') in 0.032099 seconds
Number of updated asset objects reloaded before import = 0
Number of asset objects unloaded after import = 3
========================================================================
Received Import Request.
  Time since last request: 0.000059 seconds.
  path: Assets/Puzzle stage & settings GUI Pack/Image_green/box.png
  artifactKey: Guid(f3aef599749ca424e8b877a98d53648c) Importer(815301076,1909f56bfc062723c751e8b465ee728b)
Start importing Assets/Puzzle stage & settings GUI Pack/Image_green/box.png using Guid(f3aef599749ca424e8b877a98d53648c) Importer(815301076,1909f56bfc062723c751e8b465ee728b)  -> (artifact id: '4a807d3572cd5a45cc6c92b65b593b0d') in 0.049700 seconds
Number of updated asset objects reloaded before import = 0
Number of asset objects unloaded after import = 3
========================================================================
Received Import Request.
  Time since last request: 0.000028 seconds.
  path: Assets/Puzzle stage & settings GUI Pack/Image_green/jelly.png
  artifactKey: Guid(ce1c5de2c95387946b9c1e38ca9a4377) Importer(815301076,1909f56bfc062723c751e8b465ee728b)
Start importing Assets/Puzzle stage & settings GUI Pack/Image_green/jelly.png using Guid(ce1c5de2c95387946b9c1e38ca9a4377) Importer(815301076,1909f56bfc062723c751e8b465ee728b)  -> (artifact id: '6ef2345e369dca2a23a9a767a1932083') in 0.030683 seconds
Number of updated asset objects reloaded before import = 0
Number of asset objects unloaded after import = 3
========================================================================
Received Import Request.
  Time since last request: 0.000030 seconds.
  path: Assets/Puzzle stage & settings GUI Pack/Image_green/line.png
  artifactKey: Guid(fab2c578cb484a5409d09f22b03aa917) Importer(815301076,1909f56bfc062723c751e8b465ee728b)
Start importing Assets/Puzzle stage & settings GUI Pack/Image_green/line.png using Guid(fab2c578cb484a5409d09f22b03aa917) Importer(815301076,1909f56bfc062723c751e8b465ee728b)  -> (artifact id: 'c9f04f2ac5e19f494371e4396e5b467c') in 0.031368 seconds
Number of updated asset objects reloaded before import = 0
Number of asset objects unloaded after import = 3
========================================================================
Received Import Request.
  Time since last request: 1.167318 seconds.
  path: Assets/Puzzle stage & settings GUI Pack/Image_orange/box.png
  artifactKey: Guid(202177b6b0004194c9a73925af30b426) Importer(815301076,1909f56bfc062723c751e8b465ee728b)
Start importing Assets/Puzzle stage & settings GUI Pack/Image_orange/box.png using Guid(202177b6b0004194c9a73925af30b426) Importer(815301076,1909f56bfc062723c751e8b465ee728b)  -> (artifact id: '8df0bda54a60d000e3444998b8468655') in 0.079797 seconds
Number of updated asset objects reloaded before import = 0
Number of asset objects unloaded after import = 3
========================================================================
Received Import Request.
  Time since last request: 0.000027 seconds.
  path: Assets/Puzzle stage & settings GUI Pack/Image_orange/coin.png
  artifactKey: Guid(bee702842f8ed864f935e5f60f850d9c) Importer(815301076,1909f56bfc062723c751e8b465ee728b)
Start importing Assets/Puzzle stage & settings GUI Pack/Image_orange/coin.png using Guid(bee702842f8ed864f935e5f60f850d9c) Importer(815301076,1909f56bfc062723c751e8b465ee728b)  -> (artifact id: '9e534bdb16c52fde817ad14895d353e6') in 0.070145 seconds
Number of updated asset objects reloaded before import = 0
Number of asset objects unloaded after import = 3
========================================================================
Received Import Request.
  Time since last request: 0.000029 seconds.
  path: Assets/Puzzle stage & settings GUI Pack/Image_orange/on.png
  artifactKey: Guid(7af34b6d08f1a754885ddcacca1ea060) Importer(815301076,1909f56bfc062723c751e8b465ee728b)
Start importing Assets/Puzzle stage & settings GUI Pack/Image_orange/on.png using Guid(7af34b6d08f1a754885ddcacca1ea060) Importer(815301076,1909f56bfc062723c751e8b465ee728b)  -> (artifact id: '0265050fa5e20b97875d819f10360ef3') in 0.042870 seconds
Number of updated asset objects reloaded before import = 0
Number of asset objects unloaded after import = 3
========================================================================
Received Import Request.
  Time since last request: 0.000029 seconds.
  path: Assets/Puzzle stage & settings GUI Pack/Image_orange/x_button.png
  artifactKey: Guid(15e91df8e2fc74a489862940a3ae24f6) Importer(815301076,1909f56bfc062723c751e8b465ee728b)
Start importing Assets/Puzzle stage & settings GUI Pack/Image_orange/x_button.png using Guid(15e91df8e2fc74a489862940a3ae24f6) Importer(815301076,1909f56bfc062723c751e8b465ee728b)  -> (artifact id: '5d72f5983414de7b1fa250b2ea86747f') in 0.033628 seconds
Number of updated asset objects reloaded before import = 0
Number of asset objects unloaded after import = 3
========================================================================
Received Import Request.
  Time since last request: 2.481300 seconds.
  path: Assets/Puzzle stage & settings GUI Pack/Image_pink/bar.png
  artifactKey: Guid(58267d4e77b520746aabf2cba97a595c) Importer(815301076,1909f56bfc062723c751e8b465ee728b)
Start importing Assets/Puzzle stage & settings GUI Pack/Image_pink/bar.png using Guid(58267d4e77b520746aabf2cba97a595c) Importer(815301076,1909f56bfc062723c751e8b465ee728b)  -> (artifact id: 'abc427a1dd26b0c400286cecee10dd87') in 0.039116 seconds
Number of updated asset objects reloaded before import = 0
Number of asset objects unloaded after import = 3
========================================================================
Received Import Request.
  Time since last request: 0.000028 seconds.
  path: Assets/Puzzle stage & settings GUI Pack/Image_pink/coin.png
  artifactKey: Guid(0c05fe7b21ad57e4389433edf7931bb3) Importer(815301076,1909f56bfc062723c751e8b465ee728b)
Start importing Assets/Puzzle stage & settings GUI Pack/Image_pink/coin.png using Guid(0c05fe7b21ad57e4389433edf7931bb3) Importer(815301076,1909f56bfc062723c751e8b465ee728b)  -> (artifact id: 'f3a7e50330aa339e9c86dda842edf8ae') in 0.032785 seconds
Number of updated asset objects reloaded before import = 0
Number of asset objects unloaded after import = 3
========================================================================
Received Import Request.
  Time since last request: 0.000029 seconds.
  path: Assets/Puzzle stage & settings GUI Pack/Image_pink/candy bar.png
  artifactKey: Guid(ccf15d81a2920354aa2f8854783a95d6) Importer(815301076,1909f56bfc062723c751e8b465ee728b)
Start importing Assets/Puzzle stage & settings GUI Pack/Image_pink/candy bar.png using Guid(ccf15d81a2920354aa2f8854783a95d6) Importer(815301076,1909f56bfc062723c751e8b465ee728b)  -> (artifact id: 'e9774f77bae518eccb306857b139606e') in 0.032621 seconds
Number of updated asset objects reloaded before import = 0
Number of asset objects unloaded after import = 3
========================================================================
Received Import Request.
  Time since last request: 0.000019 seconds.
  path: Assets/Puzzle stage & settings GUI Pack/Image_pink/goods jelly.png
  artifactKey: Guid(572ba9107d10daa4595876bd0514c1f6) Importer(815301076,1909f56bfc062723c751e8b465ee728b)
Start importing Assets/Puzzle stage & settings GUI Pack/Image_pink/goods jelly.png using Guid(572ba9107d10daa4595876bd0514c1f6) Importer(815301076,1909f56bfc062723c751e8b465ee728b)  -> (artifact id: '513e0cf3ee637819c31fb579f1265bf4') in 0.034984 seconds
Number of updated asset objects reloaded before import = 0
Number of asset objects unloaded after import = 3
========================================================================
Received Import Request.
  Time since last request: 0.000032 seconds.
  path: Assets/Puzzle stage & settings GUI Pack/Image_pink/stage.png
  artifactKey: Guid(e64be39d74fdaa14c95dc086f2ef1f74) Importer(815301076,1909f56bfc062723c751e8b465ee728b)
Start importing Assets/Puzzle stage & settings GUI Pack/Image_pink/stage.png using Guid(e64be39d74fdaa14c95dc086f2ef1f74) Importer(815301076,1909f56bfc062723c751e8b465ee728b)  -> (artifact id: 'e7f1a3b89b21c95a82f55b3bfa49d6f2') in 0.034324 seconds
Number of updated asset objects reloaded before import = 0
Number of asset objects unloaded after import = 3
========================================================================
Received Import Request.
  Time since last request: 0.000039 seconds.
  path: Assets/Puzzle stage & settings GUI Pack/Image_pink/x.png
  artifactKey: Guid(2354af655b0e59e478950c0a62a0b979) Importer(815301076,1909f56bfc062723c751e8b465ee728b)
Start importing Assets/Puzzle stage & settings GUI Pack/Image_pink/x.png using Guid(2354af655b0e59e478950c0a62a0b979) Importer(815301076,1909f56bfc062723c751e8b465ee728b)  -> (artifact id: 'bd5abc1dc53e6a3bff7c8f9f80fcc3d2') in 0.031204 seconds
Number of updated asset objects reloaded before import = 0
Number of asset objects unloaded after import = 3
========================================================================
Received Import Request.
  Time since last request: 46.890809 seconds.
  path: Assets/Puzzle stage & settings GUI Pack/Image_pink/txt/1.png
  artifactKey: Guid(f22923dacfdec0640ae8e2429cd655b1) Importer(815301076,1909f56bfc062723c751e8b465ee728b)
Start importing Assets/Puzzle stage & settings GUI Pack/Image_pink/txt/1.png using Guid(f22923dacfdec0640ae8e2429cd655b1) Importer(815301076,1909f56bfc062723c751e8b465ee728b)  -> (artifact id: 'be8744a69e907acb6120c8b0acd6cd7d') in 0.062174 seconds
Number of updated asset objects reloaded before import = 0
Number of asset objects unloaded after import = 3
========================================================================
Received Import Request.
  Time since last request: 0.000029 seconds.
  path: Assets/Puzzle stage & settings GUI Pack/Image_pink/txt/7.png
  artifactKey: Guid(7b627e12b55df1d4bb022473a53ec1a0) Importer(815301076,1909f56bfc062723c751e8b465ee728b)
Start importing Assets/Puzzle stage & settings GUI Pack/Image_pink/txt/7.png using Guid(7b627e12b55df1d4bb022473a53ec1a0) Importer(815301076,1909f56bfc062723c751e8b465ee728b)  -> (artifact id: 'f0aff32587c603c8c6de71e73fd735fc') in 0.033127 seconds
Number of updated asset objects reloaded before import = 0
Number of asset objects unloaded after import = 3
========================================================================
Received Import Request.
  Time since last request: 0.000027 seconds.
  path: Assets/Puzzle stage & settings GUI Pack/Image_pink/txt/6.png
  artifactKey: Guid(c5b01292c2594f34eaeaaf44e6eb1d58) Importer(815301076,1909f56bfc062723c751e8b465ee728b)
Start importing Assets/Puzzle stage & settings GUI Pack/Image_pink/txt/6.png using Guid(c5b01292c2594f34eaeaaf44e6eb1d58) Importer(815301076,1909f56bfc062723c751e8b465ee728b)  -> (artifact id: '72631b10ef2ba62436d5d7463d0dd574') in 0.031429 seconds
Number of updated asset objects reloaded before import = 0
Number of asset objects unloaded after import = 3
========================================================================
Received Import Request.
  Time since last request: 0.000021 seconds.
  path: Assets/Puzzle stage & settings GUI Pack/Image_pink/txt/3.png
  artifactKey: Guid(5d5c8508eedc5e649a5444ed20394493) Importer(815301076,1909f56bfc062723c751e8b465ee728b)
Start importing Assets/Puzzle stage & settings GUI Pack/Image_pink/txt/3.png using Guid(5d5c8508eedc5e649a5444ed20394493) Importer(815301076,1909f56bfc062723c751e8b465ee728b)  -> (artifact id: '7530d7b7cb123d43e8ae5b24368576d1') in 0.028043 seconds
Number of updated asset objects reloaded before import = 0
Number of asset objects unloaded after import = 3
========================================================================
Received Import Request.
  Time since last request: 0.000018 seconds.
  path: Assets/Puzzle stage & settings GUI Pack/Image_pink/txt/9.png
  artifactKey: Guid(b92af1a3781450946b0deef5b4982fb1) Importer(815301076,1909f56bfc062723c751e8b465ee728b)
Start importing Assets/Puzzle stage & settings GUI Pack/Image_pink/txt/9.png using Guid(b92af1a3781450946b0deef5b4982fb1) Importer(815301076,1909f56bfc062723c751e8b465ee728b)  -> (artifact id: 'eeec9402811f41c05864ec49fee6477f') in 0.032731 seconds
Number of updated asset objects reloaded before import = 0
Number of asset objects unloaded after import = 3
========================================================================
Received Import Request.
  Time since last request: 0.000075 seconds.
  path: Assets/Puzzle stage & settings GUI Pack/Image_pink/txt/speed.png
  artifactKey: Guid(98f3653e755b9524fa87c923535a17ae) Importer(815301076,1909f56bfc062723c751e8b465ee728b)
Start importing Assets/Puzzle stage & settings GUI Pack/Image_pink/txt/speed.png using Guid(98f3653e755b9524fa87c923535a17ae) Importer(815301076,1909f56bfc062723c751e8b465ee728b)  -> (artifact id: 'c168ade687ed8c15533e8c74486c384e') in 0.029618 seconds
Number of updated asset objects reloaded before import = 0
Number of asset objects unloaded after import = 3
========================================================================
Received Import Request.
  Time since last request: 99.909904 seconds.
  path: Assets/Puzzle stage & settings GUI Pack/Image_pink/s_b/friend.png
  artifactKey: Guid(715954c89e8ab0a43a4a137de8f0dd6a) Importer(815301076,1909f56bfc062723c751e8b465ee728b)
Start importing Assets/Puzzle stage & settings GUI Pack/Image_pink/s_b/friend.png using Guid(715954c89e8ab0a43a4a137de8f0dd6a) Importer(815301076,1909f56bfc062723c751e8b465ee728b)  -> (artifact id: 'e30aed7f2cc2a449be65557325bc1817') in 0.061300 seconds
Number of updated asset objects reloaded before import = 0
Number of asset objects unloaded after import = 3
========================================================================
Received Import Request.
  Time since last request: 0.000034 seconds.
  path: Assets/Puzzle stage & settings GUI Pack/Image_pink/s_b/menu.png
  artifactKey: Guid(329bc0acbba5bcc4e951e6974bb2e79c) Importer(815301076,1909f56bfc062723c751e8b465ee728b)
Start importing Assets/Puzzle stage & settings GUI Pack/Image_pink/s_b/menu.png using Guid(329bc0acbba5bcc4e951e6974bb2e79c) Importer(815301076,1909f56bfc062723c751e8b465ee728b)  -> (artifact id: '49dd821abc54b652dc2c27f30f6c60fd') in 0.036112 seconds
Number of updated asset objects reloaded before import = 0
Number of asset objects unloaded after import = 3
========================================================================
Received Import Request.
  Time since last request: 0.000041 seconds.
  path: Assets/Puzzle stage & settings GUI Pack/Image_pink/s_b/information.png
  artifactKey: Guid(7b9cc1d3512eaa742896b3a5dfa42ee6) Importer(815301076,1909f56bfc062723c751e8b465ee728b)
Start importing Assets/Puzzle stage & settings GUI Pack/Image_pink/s_b/information.png using Guid(7b9cc1d3512eaa742896b3a5dfa42ee6) Importer(815301076,1909f56bfc062723c751e8b465ee728b)  -> (artifact id: 'e4e3ab09bcc0b6a3fb2a25c6c3a77ceb') in 0.034930 seconds
Number of updated asset objects reloaded before import = 0
Number of asset objects unloaded after import = 3
========================================================================
Received Import Request.
  Time since last request: 0.000025 seconds.
  path: Assets/Puzzle stage & settings GUI Pack/Image_pink/s_b/plus.png
  artifactKey: Guid(37db37801eca8be4398312cd6b1a746e) Importer(815301076,1909f56bfc062723c751e8b465ee728b)
Start importing Assets/Puzzle stage & settings GUI Pack/Image_pink/s_b/plus.png using Guid(37db37801eca8be4398312cd6b1a746e) Importer(815301076,1909f56bfc062723c751e8b465ee728b)  -> (artifact id: '48353cae0a5f4889a9a31347b86022ab') in 0.031408 seconds
Number of updated asset objects reloaded before import = 0
Number of asset objects unloaded after import = 3
========================================================================
Received Import Request.
  Time since last request: 0.000026 seconds.
  path: Assets/Puzzle stage & settings GUI Pack/Image_pink/s_b/sound1.png
  artifactKey: Guid(c608052aafc86984ca82923076934258) Importer(815301076,1909f56bfc062723c751e8b465ee728b)
Start importing Assets/Puzzle stage & settings GUI Pack/Image_pink/s_b/sound1.png using Guid(c608052aafc86984ca82923076934258) Importer(815301076,1909f56bfc062723c751e8b465ee728b)  -> (artifact id: '7be9c8895f878aeb648a6bf236cf5b80') in 0.035171 seconds
Number of updated asset objects reloaded before import = 0
Number of asset objects unloaded after import = 3
========================================================================
Received Import Request.
  Time since last request: 0.000033 seconds.
  path: Assets/Puzzle stage & settings GUI Pack/Image_pink/s_b/music1.png
  artifactKey: Guid(9a195a41f9860eb469522f4de00f15a7) Importer(815301076,1909f56bfc062723c751e8b465ee728b)
Start importing Assets/Puzzle stage & settings GUI Pack/Image_pink/s_b/music1.png using Guid(9a195a41f9860eb469522f4de00f15a7) Importer(815301076,1909f56bfc062723c751e8b465ee728b)  -> (artifact id: '706f96471a4b1fc6950000304d8eaf7c') in 0.034188 seconds
Number of updated asset objects reloaded before import = 0
Number of asset objects unloaded after import = 3
========================================================================
Received Import Request.
  Time since last request: 0.000030 seconds.
  path: Assets/Puzzle stage & settings GUI Pack/Image_pink/s_b/set.png
  artifactKey: Guid(99d0c7d9b3d45c24ab43144fe076edb3) Importer(815301076,1909f56bfc062723c751e8b465ee728b)
Start importing Assets/Puzzle stage & settings GUI Pack/Image_pink/s_b/set.png using Guid(99d0c7d9b3d45c24ab43144fe076edb3) Importer(815301076,1909f56bfc062723c751e8b465ee728b)  -> (artifact id: 'b431ec909bbea5a02773a76815179888') in 0.031864 seconds
Number of updated asset objects reloaded before import = 0
Number of asset objects unloaded after import = 3
========================================================================
Received Import Request.
  Time since last request: 0.000040 seconds.
  path: Assets/Puzzle stage & settings GUI Pack/Image_pink/s_b/share.png
  artifactKey: Guid(ef9eb17e7f31f1b478aa2a89760416c9) Importer(815301076,1909f56bfc062723c751e8b465ee728b)
Start importing Assets/Puzzle stage & settings GUI Pack/Image_pink/s_b/share.png using Guid(ef9eb17e7f31f1b478aa2a89760416c9) Importer(815301076,1909f56bfc062723c751e8b465ee728b)  -> (artifact id: '9519fcb1f65d5780e8dd9a893e7c829a') in 0.031421 seconds
Number of updated asset objects reloaded before import = 0
Number of asset objects unloaded after import = 3
========================================================================
Received Import Request.
  Time since last request: 18.811431 seconds.
  path: Assets/Puzzle stage & settings GUI Pack/Image_pink/b/ok.png
  artifactKey: Guid(31beb8beac7291a428f525a69855ef27) Importer(815301076,1909f56bfc062723c751e8b465ee728b)
Start importing Assets/Puzzle stage & settings GUI Pack/Image_pink/b/ok.png using Guid(31beb8beac7291a428f525a69855ef27) Importer(815301076,1909f56bfc062723c751e8b465ee728b)  -> (artifact id: 'd91a2333da99da6e16c58f4e6a8f22ed') in 0.040438 seconds
Number of updated asset objects reloaded before import = 0
Number of asset objects unloaded after import = 3
========================================================================
Received Import Request.
  Time since last request: 0.000018 seconds.
  path: Assets/Puzzle stage & settings GUI Pack/Image_pink/b/resume.png
  artifactKey: Guid(da920ca6e4fc3bd4fbc1cc7be14e7e91) Importer(815301076,1909f56bfc062723c751e8b465ee728b)
Start importing Assets/Puzzle stage & settings GUI Pack/Image_pink/b/resume.png using Guid(da920ca6e4fc3bd4fbc1cc7be14e7e91) Importer(815301076,1909f56bfc062723c751e8b465ee728b)  -> (artifact id: '2e9fa49230055887387c2a4294698c27') in 0.038457 seconds
Number of updated asset objects reloaded before import = 0
Number of asset objects unloaded after import = 3
========================================================================
Received Import Request.
  Time since last request: 0.000018 seconds.
  path: Assets/Puzzle stage & settings GUI Pack/Image_pink/b/restart.png
  artifactKey: Guid(cacda52f5cae36740914dfb9e9840ca1) Importer(815301076,1909f56bfc062723c751e8b465ee728b)
Start importing Assets/Puzzle stage & settings GUI Pack/Image_pink/b/restart.png using Guid(cacda52f5cae36740914dfb9e9840ca1) Importer(815301076,1909f56bfc062723c751e8b465ee728b)  -> (artifact id: '9d0db9b2d57715b98a28c38050626905') in 0.034835 seconds
Number of updated asset objects reloaded before import = 0
Number of asset objects unloaded after import = 3
Editor requested this worker to shutdown with reason: Scaling down because of idle timeout
TcpMessagingSession - receive error: operation aborted. errorcode: 995, details: Der E/A-Vorgang wurde wegen eines Threadendes oder einer Anwendungsanforderung abgebrochen.
AssetImportWorker is now disconnected from the server
Process exiting
Exiting without the bug reporter. Application will terminate with return code 0